This is pdfTeX, Version 3.14159265-2.6-1.40.18 (TeX Live 2017/Debian) (preloaded format=pdflatex 2019.9.10)  29 APR 2021 13:50
entering extended mode
 restricted \write18 enabled.
 %&-line parsing enabled.
**NCellEffi.tex
(./NCellEffi.tex
LaTeX2e <2017-04-15>
Babel <3.18> and hyphenation patterns for 84 language(s) loaded.
(./ALICE_analysis_notes.cls
Document Style 'cernphprep'. Version <1.06>, <8 July 2010>

LaTeX Warning: You have requested document class `ALICE_analysis_notes',
               but the document class provides `cernphprep'.

Document Class: cernphprep 2010/07/08
(/usr/share/texlive/texmf-dist/tex/latex/base/article.cls
Document Class: article 2014/09/29 v1.4h Standard LaTeX document class
(/usr/share/texlive/texmf-dist/tex/latex/base/size11.clo
File: size11.clo 2014/09/29 v1.4h Standard LaTeX file (size option)
)
\c@part=\count79
\c@section=\count80
\c@subsection=\count81
\c@subsubsection=\count82
\c@paragraph=\count83
\c@subparagraph=\count84
\c@figure=\count85
\c@table=\count86
\abovecaptionskip=\skip41
\belowcaptionskip=\skip42
\bibindent=\dimen102
)
(/usr/share/texlive/texmf-dist/tex/latex/psnfss/mathptmx.sty
Package: mathptmx 2005/04/12 PSNFSS-v9.2a Times w/ Math, improved (SPQR, WaS) 
LaTeX Font Info:    Redeclaring symbol font `operators' on input line 28.
LaTeX Font Info:    Overwriting symbol font `operators' in version `normal'
(Font)                  OT1/cmr/m/n --> OT1/ztmcm/m/n on input line 28.
LaTeX Font Info:    Overwriting symbol font `operators' in version `bold'
(Font)                  OT1/cmr/bx/n --> OT1/ztmcm/m/n on input line 28.
LaTeX Font Info:    Redeclaring symbol font `letters' on input line 29.
LaTeX Font Info:    Overwriting symbol font `letters' in version `normal'
(Font)                  OML/cmm/m/it --> OML/ztmcm/m/it on input line 29.
LaTeX Font Info:    Overwriting symbol font `letters' in version `bold'
(Font)                  OML/cmm/b/it --> OML/ztmcm/m/it on input line 29.
LaTeX Font Info:    Redeclaring symbol font `symbols' on input line 30.
LaTeX Font Info:    Overwriting symbol font `symbols' in version `normal'
(Font)                  OMS/cmsy/m/n --> OMS/ztmcm/m/n on input line 30.
LaTeX Font Info:    Overwriting symbol font `symbols' in version `bold'
(Font)                  OMS/cmsy/b/n --> OMS/ztmcm/m/n on input line 30.
LaTeX Font Info:    Redeclaring symbol font `largesymbols' on input line 31.
LaTeX Font Info:    Overwriting symbol font `largesymbols' in version `normal'
(Font)                  OMX/cmex/m/n --> OMX/ztmcm/m/n on input line 31.
LaTeX Font Info:    Overwriting symbol font `largesymbols' in version `bold'
(Font)                  OMX/cmex/m/n --> OMX/ztmcm/m/n on input line 31.
\symbold=\mathgroup4
\symitalic=\mathgroup5
LaTeX Font Info:    Redeclaring math alphabet \mathbf on input line 34.
LaTeX Font Info:    Overwriting math alphabet `\mathbf' in version `normal'
(Font)                  OT1/cmr/bx/n --> OT1/ptm/bx/n on input line 34.
LaTeX Font Info:    Overwriting math alphabet `\mathbf' in version `bold'
(Font)                  OT1/cmr/bx/n --> OT1/ptm/bx/n on input line 34.
LaTeX Font Info:    Redeclaring math alphabet \mathit on input line 35.
LaTeX Font Info:    Overwriting math alphabet `\mathit' in version `normal'
(Font)                  OT1/cmr/m/it --> OT1/ptm/m/it on input line 35.
LaTeX Font Info:    Overwriting math alphabet `\mathit' in version `bold'
(Font)                  OT1/cmr/bx/it --> OT1/ptm/m/it on input line 35.
LaTeX Info: Redefining \hbar on input line 50.
)
(/usr/share/texlive/texmf-dist/tex/latex/graphics/graphicx.sty
Package: graphicx 2017/06/01 v1.1a Enhanced LaTeX Graphics (DPC,SPQR)

(/usr/share/texlive/texmf-dist/tex/latex/graphics/keyval.sty
Package: keyval 2014/10/28 v1.15 key=value parser (DPC)
\KV@toks@=\toks14
)
(/usr/share/texlive/texmf-dist/tex/latex/graphics/graphics.sty
Package: graphics 2017/06/25 v1.2c Standard LaTeX Graphics (DPC,SPQR)

(/usr/share/texlive/texmf-dist/tex/latex/graphics/trig.sty
Package: trig 2016/01/03 v1.10 sin cos tan (DPC)
)
(/usr/share/texlive/texmf-dist/tex/latex/graphics-cfg/graphics.cfg
File: graphics.cfg 2016/06/04 v1.11 sample graphics configuration
)
Package graphics Info: Driver file: pdftex.def on input line 99.

(/usr/share/texlive/texmf-dist/tex/latex/graphics-def/pdftex.def
File: pdftex.def 2018/01/08 v1.0l Graphics/color driver for pdftex
))
\Gin@req@height=\dimen103
\Gin@req@width=\dimen104
)
(/usr/share/texlive/texmf-dist/tex/latex/amsmath/amsmath.sty
Package: amsmath 2017/09/02 v2.17a AMS math features
\@mathmargin=\skip43

For additional information on amsmath, use the `?' option.
(/usr/share/texlive/texmf-dist/tex/latex/amsmath/amstext.sty
Package: amstext 2000/06/29 v2.01 AMS text

(/usr/share/texlive/texmf-dist/tex/latex/amsmath/amsgen.sty
File: amsgen.sty 1999/11/30 v2.0 generic functions
\@emptytoks=\toks15
\ex@=\dimen105
))
(/usr/share/texlive/texmf-dist/tex/latex/amsmath/amsbsy.sty
Package: amsbsy 1999/11/29 v1.2d Bold Symbols
\pmbraise@=\dimen106
)
(/usr/share/texlive/texmf-dist/tex/latex/amsmath/amsopn.sty
Package: amsopn 2016/03/08 v2.02 operator names
)
\inf@bad=\count87
LaTeX Info: Redefining \frac on input line 213.
\uproot@=\count88
\leftroot@=\count89
LaTeX Info: Redefining \overline on input line 375.
\classnum@=\count90
\DOTSCASE@=\count91
LaTeX Info: Redefining \ldots on input line 472.
LaTeX Info: Redefining \dots on input line 475.
LaTeX Info: Redefining \cdots on input line 596.
\Mathstrutbox@=\box26
\strutbox@=\box27
\big@size=\dimen107
LaTeX Font Info:    Redeclaring font encoding OML on input line 712.
LaTeX Font Info:    Redeclaring font encoding OMS on input line 713.
\macc@depth=\count92
\c@MaxMatrixCols=\count93
\dotsspace@=\muskip10
\c@parentequation=\count94
\dspbrk@lvl=\count95
\tag@help=\toks16
\row@=\count96
\column@=\count97
\maxfields@=\count98
\andhelp@=\toks17
\eqnshift@=\dimen108
\alignsep@=\dimen109
\tagshift@=\dimen110
\tagwidth@=\dimen111
\totwidth@=\dimen112
\lineht@=\dimen113
\@envbody=\toks18
\multlinegap=\skip44
\multlinetaggap=\skip45
\mathdisplay@stack=\toks19
LaTeX Info: Redefining \[ on input line 2817.
LaTeX Info: Redefining \] on input line 2818.
)
(/usr/share/texlive/texmf-dist/tex/latex/amsfonts/amssymb.sty
Package: amssymb 2013/01/14 v3.01 AMS font symbols

(/usr/share/texlive/texmf-dist/tex/latex/amsfonts/amsfonts.sty
Package: amsfonts 2013/01/14 v3.01 Basic AMSFonts support
\symAMSa=\mathgroup6
\symAMSb=\mathgroup7
LaTeX Font Info:    Overwriting math alphabet `\mathfrak' in version `bold'
(Font)                  U/euf/m/n --> U/euf/b/n on input line 106.
))
(/usr/share/texlive/texmf-dist/tex/latex/tools/array.sty
Package: array 2016/10/06 v2.4d Tabular extension package (FMi)
\col@sep=\dimen114
\extrarowheight=\dimen115
\NC@list=\toks20
\extratabsurround=\skip46
\backup@length=\skip47
)
(/usr/share/texlive/texmf-dist/tex/latex/tools/tabularx.sty
Package: tabularx 2016/02/03 v2.11 `tabularx' package (DPC)
\TX@col@width=\dimen116
\TX@old@table=\dimen117
\TX@old@col=\dimen118
\TX@target=\dimen119
\TX@delta=\dimen120
\TX@cols=\count99
\TX@ftn=\toks21
)
(/usr/share/texlive/texmf-dist/tex/latex/url/url.sty
\Urlmuskip=\muskip11
Package: url 2013/09/16  ver 3.4  Verb mode for urls, etc.
)
(/usr/share/texlive/texmf-dist/tex/latex/tools/xspace.sty
Package: xspace 2014/10/28 v1.13 Space after command names (DPC,MH)
)
(/usr/share/texlive/texmf-dist/tex/latex/subfigure/subfigure.sty
Package: subfigure 2002/03/15 v2.1.5 subfigure package
\subfigtopskip=\skip48
\subfigcapskip=\skip49
\subfigcaptopadj=\dimen121
\subfigbottomskip=\skip50
\subfigcapmargin=\dimen122
\subfiglabelskip=\skip51
\c@subfigure=\count100
\c@lofdepth=\count101
\c@subtable=\count102
\c@lotdepth=\count103

****************************************
* Local config file subfigure.cfg used *
****************************************
(/usr/share/texlive/texmf-dist/tex/latex/subfigure/subfigure.cfg)
\subfig@top=\skip52
\subfig@bottom=\skip53
)
(/usr/share/texlive/texmf-dist/tex/latex/base/ifthen.sty
Package: ifthen 2014/09/29 v1.1c Standard LaTeX ifthen package (DPC)
)
Document Class "ALICE_analysis_notes" 1.06 (8 July 2010)
\c@instfoot=\count104
(/usr/share/texlive/texmf-dist/tex/latex/truncate/truncate.sty
Package: truncate 2001/08/20  ver 3.6
\@Trunc@RestHyph=\toks22
)
(/usr/share/texlive/texmf-dist/tex/latex/fancyhdr/fancyhdr.sty
Package: fancyhdr 2017/06/30 v3.9a Extensive control of page headers and footer
s
\f@nch@headwidth=\skip54
\f@nch@O@elh=\skip55
\f@nch@O@erh=\skip56
\f@nch@O@olh=\skip57
\f@nch@O@orh=\skip58
\f@nch@O@elf=\skip59
\f@nch@O@erf=\skip60
\f@nch@O@olf=\skip61
\f@nch@O@orf=\skip62
))
(/usr/share/texlive/texmf-dist/tex/generic/babel/babel.sty
Package: babel 2018/02/14 3.18 The Babel package

(/usr/share/texlive/texmf-dist/tex/generic/babel/switch.def
File: switch.def 2018/02/14 3.18 Babel switching mechanism
)
(/usr/share/texlive/texmf-dist/tex/generic/babel-english/american.ldf
Language: american 2017/06/06 v3.3r English support from the babel system

(/usr/share/texlive/texmf-dist/tex/generic/babel-english/english.ldf
Language: english 2017/06/06 v3.3r English support from the babel system

(/usr/share/texlive/texmf-dist/tex/generic/babel/babel.def
File: babel.def 2018/02/14 3.18 Babel common definitions
\babel@savecnt=\count105
\U@D=\dimen123

(/usr/share/texlive/texmf-dist/tex/generic/babel/txtbabel.def)
\bbl@dirlevel=\count106
)
\l@canadian = a dialect from \language\l@american 
\l@australian = a dialect from \language\l@british 
\l@newzealand = a dialect from \language\l@british 
)))
(/usr/share/texlive/texmf-dist/tex/latex/base/inputenc.sty
Package: inputenc 2015/03/17 v1.2c Input encoding file
\inpenc@prehook=\toks23
\inpenc@posthook=\toks24

(/usr/share/texlive/texmf-dist/tex/latex/ucs/utf8x.def
File: utf8x.def 2004/10/17 UCS: Input encoding UTF-8
))
(/usr/share/texlive/texmf-dist/tex/latex/ucs/ucs.sty
Package: ucs 2013/05/11 v2.2 UCS: Unicode input support

(/usr/share/texlive/texmf-dist/tex/latex/ucs/data/uni-global.def
File: uni-global.def 2013/05/13 UCS: Unicode global data
)
\uc@secondtry=\count107
\uc@combtoks=\toks25
\uc@combtoksb=\toks26
\uc@temptokena=\toks27
)
(/usr/share/texlive/texmf-dist/tex/latex/hyperref/hyperref.sty
Package: hyperref 2018/02/06 v6.86b Hypertext links for LaTeX

(/usr/share/texlive/texmf-dist/tex/generic/oberdiek/hobsub-hyperref.sty
Package: hobsub-hyperref 2016/05/16 v1.14 Bundle oberdiek, subset hyperref (HO)


(/usr/share/texlive/texmf-dist/tex/generic/oberdiek/hobsub-generic.sty
Package: hobsub-generic 2016/05/16 v1.14 Bundle oberdiek, subset generic (HO)
Package: hobsub 2016/05/16 v1.14 Construct package bundles (HO)
Package: infwarerr 2016/05/16 v1.4 Providing info/warning/error messages (HO)
Package: ltxcmds 2016/05/16 v1.23 LaTeX kernel commands for general use (HO)
Package: ifluatex 2016/05/16 v1.4 Provides the ifluatex switch (HO)
Package ifluatex Info: LuaTeX not detected.
Package: ifvtex 2016/05/16 v1.6 Detect VTeX and its facilities (HO)
Package ifvtex Info: VTeX not detected.
Package: intcalc 2016/05/16 v1.2 Expandable calculations with integers (HO)
Package: ifpdf 2017/03/15 v3.2 Provides the ifpdf switch
Package: etexcmds 2016/05/16 v1.6 Avoid name clashes with e-TeX commands (HO)
Package etexcmds Info: Could not find \expanded.
(etexcmds)             That can mean that you are not using pdfTeX 1.50 or
(etexcmds)             that some package has redefined \expanded.
(etexcmds)             In the latter case, load this package earlier.
Package: kvsetkeys 2016/05/16 v1.17 Key value parser (HO)
Package: kvdefinekeys 2016/05/16 v1.4 Define keys (HO)
Package: pdftexcmds 2018/01/21 v0.26 Utility functions of pdfTeX for LuaTeX (HO
)
Package pdftexcmds Info: LuaTeX not detected.
Package pdftexcmds Info: \pdf@primitive is available.
Package pdftexcmds Info: \pdf@ifprimitive is available.
Package pdftexcmds Info: \pdfdraftmode found.
Package: pdfescape 2016/05/16 v1.14 Implements pdfTeX's escape features (HO)
Package: bigintcalc 2016/05/16 v1.4 Expandable calculations on big integers (HO
)
Package: bitset 2016/05/16 v1.2 Handle bit-vector datatype (HO)
Package: uniquecounter 2016/05/16 v1.3 Provide unlimited unique counter (HO)
)
Package hobsub Info: Skipping package `hobsub' (already loaded).
Package: letltxmacro 2016/05/16 v1.5 Let assignment for LaTeX macros (HO)
Package: hopatch 2016/05/16 v1.3 Wrapper for package hooks (HO)
Package: xcolor-patch 2016/05/16 xcolor patch
Package: atveryend 2016/05/16 v1.9 Hooks at the very end of document (HO)
Package atveryend Info: \enddocument detected (standard20110627).
Package: atbegshi 2016/06/09 v1.18 At begin shipout hook (HO)
Package: refcount 2016/05/16 v3.5 Data extraction from label references (HO)
Package: hycolor 2016/05/16 v1.8 Color options for hyperref/bookmark (HO)
)
(/usr/share/texlive/texmf-dist/tex/generic/ifxetex/ifxetex.sty
Package: ifxetex 2010/09/12 v0.6 Provides ifxetex conditional
)
(/usr/share/texlive/texmf-dist/tex/latex/oberdiek/auxhook.sty
Package: auxhook 2016/05/16 v1.4 Hooks for auxiliary files (HO)
)
(/usr/share/texlive/texmf-dist/tex/latex/oberdiek/kvoptions.sty
Package: kvoptions 2016/05/16 v3.12 Key value format for package options (HO)
)
\@linkdim=\dimen124
\Hy@linkcounter=\count108
\Hy@pagecounter=\count109

(/usr/share/texlive/texmf-dist/tex/latex/hyperref/pd1enc.def
File: pd1enc.def 2018/02/06 v6.86b Hyperref: PDFDocEncoding definition (HO)
)
\Hy@SavedSpaceFactor=\count110

(/usr/share/texlive/texmf-dist/tex/latex/latexconfig/hyperref.cfg
File: hyperref.cfg 2002/06/06 v1.2 hyperref configuration of TeXLive
)
Package hyperref Info: Option `colorlinks' set `true' on input line 4383.
Package hyperref Info: Option `bookmarksnumbered' set `true' on input line 4383
.
Package hyperref Info: Option `bookmarksopen' set `true' on input line 4383.
Package hyperref Info: Hyper figures OFF on input line 4509.
Package hyperref Info: Link nesting OFF on input line 4514.
Package hyperref Info: Hyper index ON on input line 4517.
Package hyperref Info: Plain pages OFF on input line 4524.
Package hyperref Info: Backreferencing OFF on input line 4529.
Package hyperref Info: Implicit mode ON; LaTeX internals redefined.
Package hyperref Info: Bookmarks ON on input line 4762.
\c@Hy@tempcnt=\count111
LaTeX Info: Redefining \url on input line 5115.
\XeTeXLinkMargin=\dimen125
\Fld@menulength=\count112
\Field@Width=\dimen126
\Fld@charsize=\dimen127
Package hyperref Info: Hyper figures OFF on input line 6369.
Package hyperref Info: Link nesting OFF on input line 6374.
Package hyperref Info: Hyper index ON on input line 6377.
Package hyperref Info: backreferencing OFF on input line 6384.
Package hyperref Info: Link coloring ON on input line 6387.
Package hyperref Info: Link coloring with OCG OFF on input line 6394.
Package hyperref Info: PDF/A mode OFF on input line 6399.
LaTeX Info: Redefining \ref on input line 6439.
LaTeX Info: Redefining \pageref on input line 6443.
\Hy@abspage=\count113
\c@Item=\count114
\c@Hfootnote=\count115
)
Package hyperref Info: Driver (autodetected): hpdftex.

(/usr/share/texlive/texmf-dist/tex/latex/hyperref/hpdftex.def
File: hpdftex.def 2018/02/06 v6.86b Hyperref driver for pdfTeX
\Fld@listcount=\count116
\c@bookmark@seq@number=\count117

(/usr/share/texlive/texmf-dist/tex/latex/oberdiek/rerunfilecheck.sty
Package: rerunfilecheck 2016/05/16 v1.8 Rerun checks for auxiliary files (HO)
Package uniquecounter Info: New unique counter `rerunfilecheck' on input line 2
82.
)
\Hy@SectionHShift=\skip63
)
(/usr/share/texlive/texmf-dist/tex/latex/geometry/geometry.sty
Package: geometry 2010/09/12 v5.6 Page Geometry
\Gm@cnth=\count118
\Gm@cntv=\count119
\c@Gm@tempcnt=\count120
\Gm@bindingoffset=\dimen128
\Gm@wd@mp=\dimen129
\Gm@odd@mp=\dimen130
\Gm@even@mp=\dimen131
\Gm@layoutwidth=\dimen132
\Gm@layoutheight=\dimen133
\Gm@layouthoffset=\dimen134
\Gm@layoutvoffset=\dimen135
\Gm@dimlist=\toks28
)
(/usr/share/texlive/texmf-dist/tex/latex/mathcomp/mathcomp.sty
Package: mathcomp 2001/01/07 v0.1f (TBo)

(/usr/share/texlive/texmf-dist/tex/latex/base/textcomp.sty
Package: textcomp 2017/04/05 v2.0i Standard LaTeX package
Package textcomp Info: Sub-encoding information:
(textcomp)               5 = only ISO-Adobe without \textcurrency
(textcomp)               4 = 5 + \texteuro
(textcomp)               3 = 4 + \textohm
(textcomp)               2 = 3 + \textestimated + \textcurrency
(textcomp)               1 = TS1 - \textcircled - \t
(textcomp)               0 = TS1 (full)
(textcomp)             Font families with sub-encoding setting implement
(textcomp)             only a restricted character set as indicated.
(textcomp)             Family '?' is the default used for unknown fonts.
(textcomp)             See the documentation for details.
Package textcomp Info: Setting ? sub-encoding to TS1/1 on input line 79.

(/usr/share/texlive/texmf-dist/tex/latex/base/ts1enc.def
File: ts1enc.def 2001/06/05 v3.0e (jk/car/fm) Standard LaTeX file
)
LaTeX Info: Redefining \oldstylenums on input line 334.
Package textcomp Info: Setting cmr sub-encoding to TS1/0 on input line 349.
Package textcomp Info: Setting cmss sub-encoding to TS1/0 on input line 350.
Package textcomp Info: Setting cmtt sub-encoding to TS1/0 on input line 351.
Package textcomp Info: Setting cmvtt sub-encoding to TS1/0 on input line 352.
Package textcomp Info: Setting cmbr sub-encoding to TS1/0 on input line 353.
Package textcomp Info: Setting cmtl sub-encoding to TS1/0 on input line 354.
Package textcomp Info: Setting ccr sub-encoding to TS1/0 on input line 355.
Package textcomp Info: Setting ptm sub-encoding to TS1/4 on input line 356.
Package textcomp Info: Setting pcr sub-encoding to TS1/4 on input line 357.
Package textcomp Info: Setting phv sub-encoding to TS1/4 on input line 358.
Package textcomp Info: Setting ppl sub-encoding to TS1/3 on input line 359.
Package textcomp Info: Setting pag sub-encoding to TS1/4 on input line 360.
Package textcomp Info: Setting pbk sub-encoding to TS1/4 on input line 361.
Package textcomp Info: Setting pnc sub-encoding to TS1/4 on input line 362.
Package textcomp Info: Setting pzc sub-encoding to TS1/4 on input line 363.
Package textcomp Info: Setting bch sub-encoding to TS1/4 on input line 364.
Package textcomp Info: Setting put sub-encoding to TS1/5 on input line 365.
Package textcomp Info: Setting uag sub-encoding to TS1/5 on input line 366.
Package textcomp Info: Setting ugq sub-encoding to TS1/5 on input line 367.
Package textcomp Info: Setting ul8 sub-encoding to TS1/4 on input line 368.
Package textcomp Info: Setting ul9 sub-encoding to TS1/4 on input line 369.
Package textcomp Info: Setting augie sub-encoding to TS1/5 on input line 370.
Package textcomp Info: Setting dayrom sub-encoding to TS1/3 on input line 371.
Package textcomp Info: Setting dayroms sub-encoding to TS1/3 on input line 372.

Package textcomp Info: Setting pxr sub-encoding to TS1/0 on input line 373.
Package textcomp Info: Setting pxss sub-encoding to TS1/0 on input line 374.
Package textcomp Info: Setting pxtt sub-encoding to TS1/0 on input line 375.
Package textcomp Info: Setting txr sub-encoding to TS1/0 on input line 376.
Package textcomp Info: Setting txss sub-encoding to TS1/0 on input line 377.
Package textcomp Info: Setting txtt sub-encoding to TS1/0 on input line 378.
Package textcomp Info: Setting lmr sub-encoding to TS1/0 on input line 379.
Package textcomp Info: Setting lmdh sub-encoding to TS1/0 on input line 380.
Package textcomp Info: Setting lmss sub-encoding to TS1/0 on input line 381.
Package textcomp Info: Setting lmssq sub-encoding to TS1/0 on input line 382.
Package textcomp Info: Setting lmvtt sub-encoding to TS1/0 on input line 383.
Package textcomp Info: Setting lmtt sub-encoding to TS1/0 on input line 384.
Package textcomp Info: Setting qhv sub-encoding to TS1/0 on input line 385.
Package textcomp Info: Setting qag sub-encoding to TS1/0 on input line 386.
Package textcomp Info: Setting qbk sub-encoding to TS1/0 on input line 387.
Package textcomp Info: Setting qcr sub-encoding to TS1/0 on input line 388.
Package textcomp Info: Setting qcs sub-encoding to TS1/0 on input line 389.
Package textcomp Info: Setting qpl sub-encoding to TS1/0 on input line 390.
Package textcomp Info: Setting qtm sub-encoding to TS1/0 on input line 391.
Package textcomp Info: Setting qzc sub-encoding to TS1/0 on input line 392.
Package textcomp Info: Setting qhvc sub-encoding to TS1/0 on input line 393.
Package textcomp Info: Setting futs sub-encoding to TS1/4 on input line 394.
Package textcomp Info: Setting futx sub-encoding to TS1/4 on input line 395.
Package textcomp Info: Setting futj sub-encoding to TS1/4 on input line 396.
Package textcomp Info: Setting hlh sub-encoding to TS1/3 on input line 397.
Package textcomp Info: Setting hls sub-encoding to TS1/3 on input line 398.
Package textcomp Info: Setting hlst sub-encoding to TS1/3 on input line 399.
Package textcomp Info: Setting hlct sub-encoding to TS1/5 on input line 400.
Package textcomp Info: Setting hlx sub-encoding to TS1/5 on input line 401.
Package textcomp Info: Setting hlce sub-encoding to TS1/5 on input line 402.
Package textcomp Info: Setting hlcn sub-encoding to TS1/5 on input line 403.
Package textcomp Info: Setting hlcw sub-encoding to TS1/5 on input line 404.
Package textcomp Info: Setting hlcf sub-encoding to TS1/5 on input line 405.
Package textcomp Info: Setting pplx sub-encoding to TS1/3 on input line 406.
Package textcomp Info: Setting pplj sub-encoding to TS1/3 on input line 407.
Package textcomp Info: Setting ptmx sub-encoding to TS1/4 on input line 408.
Package textcomp Info: Setting ptmj sub-encoding to TS1/4 on input line 409.
)
\symTC=\mathgroup8
LaTeX Font Info:    Overwriting symbol font `TC' in version `bold'
(Font)                  TS1/cmr/m/n --> TS1/cmr/bx/n on input line 25.
LaTeX Font Info:    Redeclaring math symbol \dagger on input line 47.
LaTeX Font Info:    Redeclaring math symbol \ddagger on input line 48.
)
(/usr/share/texlive/texmf-dist/tex/latex/graphics/color.sty
Package: color 2016/07/10 v1.1e Standard LaTeX Color (DPC)

(/usr/share/texlive/texmf-dist/tex/latex/graphics-cfg/color.cfg
File: color.cfg 2016/01/02 v1.6 sample color configuration
)
Package color Info: Driver file: pdftex.def on input line 147.
)
(/usr/share/texlive/texmf-dist/tex/latex/graphics/epsfig.sty
Package: epsfig 2017/06/25 v1.7b (e)psfig emulation (SPQR)
\epsfxsize=\dimen136
\epsfysize=\dimen137
)
Package hyperref Info: Option `colorlinks' set `true' on input line 32.

(/usr/share/texlive/texmf-dist/tex/latex/oberdiek/hypcap.sty
Package: hypcap 2016/05/16 v1.12 Adjusting the anchors of captions (HO)
)
(/usr/share/texlive/texmf-dist/tex/latex/listings/listings.sty
\lst@mode=\count121
\lst@gtempboxa=\box28
\lst@token=\toks29
\lst@length=\count122
\lst@currlwidth=\dimen138
\lst@column=\count123
\lst@pos=\count124
\lst@lostspace=\dimen139
\lst@width=\dimen140
\lst@newlines=\count125
\lst@lineno=\count126
\lst@maxwidth=\dimen141

(/usr/share/texlive/texmf-dist/tex/latex/listings/lstmisc.sty
File: lstmisc.sty 2015/06/04 1.6 (Carsten Heinz)
\c@lstnumber=\count127
\lst@skipnumbers=\count128
\lst@framebox=\box29
)
(/usr/share/texlive/texmf-dist/tex/latex/listings/listings.cfg
File: listings.cfg 2015/06/04 1.6 listings configuration
))
Package: listings 2015/06/04 1.6 (Carsten Heinz)

(/usr/share/texlive/texmf-dist/tex/latex/cite/cite.sty
LaTeX Info: Redefining \cite on input line 302.
LaTeX Info: Redefining \nocite on input line 332.
Package: cite 2015/02/27  v 5.5
)
(/usr/share/texlive/texmf-dist/tex/latex/acronym/acronym.sty
Package: acronym 2015/03/21 v1.41 Support for acronyms (Tobias Oetiker)

(/usr/share/texlive/texmf-dist/tex/latex/bigfoot/suffix.sty
Package: suffix 2006/07/15 1.5a Variant command support
)
(/usr/share/texlive/texmf-dist/tex/generic/xstring/xstring.sty
(/usr/share/texlive/texmf-dist/tex/generic/xstring/xstring.tex
\@xs@message=\write3
\integerpart=\count129
\decimalpart=\count130
)
Package: xstring 2013/10/13  v1.7c  String manipulations (C Tellechea)
)
\AC@clearlist=\toks30
)
(/usr/share/texlive/texmf-dist/tex/latex/units/units.sty
Package: units 1998/08/04 v0.9b Typesetting units

(/usr/share/texlive/texmf-dist/tex/latex/units/nicefrac.sty
Package: nicefrac 1998/08/04 v0.9b Nice fractions
\L@UnitsRaiseDisplaystyle=\skip64
\L@UnitsRaiseTextstyle=\skip65
\L@UnitsRaiseScriptstyle=\skip66
))
(/usr/share/texlive/texmf-dist/tex/latex/lineno/lineno.sty
Package: lineno 2005/11/02 line numbers on paragraphs v4.41
\linenopenalty=\count131
\output=\toks31
\linenoprevgraf=\count132
\linenumbersep=\dimen142
\linenumberwidth=\dimen143
\c@linenumber=\count133
\c@pagewiselinenumber=\count134
\c@LN@truepage=\count135
\c@internallinenumber=\count136
\c@internallinenumbers=\count137
\quotelinenumbersep=\dimen144
\bframerule=\dimen145
\bframesep=\dimen146
\bframebox=\box30
LaTeX Info: Redefining \\ on input line 3056.
)
(/usr/share/texlive/texmf-dist/tex/latex/ascii-font/ascii.sty
File: ascii.sty 2006/05/30 v2.0 Package `ascii.sty'
)
(/usr/share/texmf/tex/latex/feynmf/feynmf.sty
Package: feynmf 1996/12/02 v1.08 LaTeX/Metafont Feynman Diagram Package (ohl)
\@outfmf=\write4
\fmfbuf@=\toks32
\c@fmfgraph=\count138
\grep@infile=\read1
\grep@outfile=\write5
)
(/usr/share/texlive/texmf-dist/tex/latex/tools/dcolumn.sty
Package: dcolumn 2014/10/28 v1.06 decimal alignment package (DPC)
)
(/usr/share/texlive/texmf-dist/tex/latex/rccol/rccol.sty
Package: rccol 2005/05/17 v1.2c right-centered columns
 (./fltpoint.sty
Package: fltpoint 2004/11/12 v1.1b floating point arithmetic

(/usr/share/texlive/texmf-dist/tex/generic/fltpoint/fltpoint.tex
\fp@loopcount=\count139
\fp@loopcountii=\count140
\fp@result=\count141
\fp@carryover=\count142
\fp@tempcount=\count143
\fp@tempcountii=\count144
))
\rc@preskip=\dimen147
\rc@postskip=\dimen148
\rc@digits=\toks33
\rc@preothertoks=\toks34
\rc@postothertoks=\toks35
)
(/usr/share/texlive/texmf-dist/tex/latex/graphics/rotating.sty
Package: rotating 2016/08/11 v2.16d rotated objects in LaTeX
\c@r@tfl@t=\count145
\rotFPtop=\skip67
\rotFPbot=\skip68
\rot@float@box=\box31
\rot@mess@toks=\toks36
)
(/usr/share/texlive/texmf-dist/tex/latex/booktabs/booktabs.sty
Package: booktabs 2016/04/27 v1.618033 publication quality tables
\heavyrulewidth=\dimen149
\lightrulewidth=\dimen150
\cmidrulewidth=\dimen151
\belowrulesep=\dimen152
\belowbottomsep=\dimen153
\aboverulesep=\dimen154
\abovetopsep=\dimen155
\cmidrulesep=\dimen156
\cmidrulekern=\dimen157
\defaultaddspace=\dimen158
\@cmidla=\count146
\@cmidlb=\count147
\@aboverulesep=\dimen159
\@belowrulesep=\dimen160
\@thisruleclass=\count148
\@lastruleclass=\count149
\@thisrulewidth=\dimen161
)
(/usr/share/texlive/texmf-dist/tex/latex/todonotes/todonotes.sty
Package: todonotes 2015/07/09 .dtx Todonotes source and documentation.
Package: todonotes 2012/07/25

(/usr/share/texlive/texmf-dist/tex/latex/xkeyval/xkeyval.sty
Package: xkeyval 2014/12/03 v2.7a package option processing (HA)

(/usr/share/texlive/texmf-dist/tex/generic/xkeyval/xkeyval.tex
(/usr/share/texlive/texmf-dist/tex/generic/xkeyval/xkvutils.tex
\XKV@toks=\toks37
\XKV@tempa@toks=\toks38
)
\XKV@depth=\count150
File: xkeyval.tex 2014/12/03 v2.7a key=value parser (HA)
))
(/usr/share/texlive/texmf-dist/tex/latex/xcolor/xcolor.sty
Package: xcolor 2016/05/11 v2.12 LaTeX color extensions (UK)

(/usr/share/texlive/texmf-dist/tex/latex/graphics-cfg/color.cfg
File: color.cfg 2016/01/02 v1.6 sample color configuration
)
Package xcolor Info: Driver file: pdftex.def on input line 225.
LaTeX Info: Redefining \color on input line 709.
Package xcolor Info: Model `cmy' substituted by `cmy0' on input line 1348.
Package xcolor Info: Model `hsb' substituted by `rgb' on input line 1352.
Package xcolor Info: Model `RGB' extended on input line 1364.
Package xcolor Info: Model `HTML' substituted by `rgb' on input line 1366.
Package xcolor Info: Model `Hsb' substituted by `hsb' on input line 1367.
Package xcolor Info: Model `tHsb' substituted by `hsb' on input line 1368.
Package xcolor Info: Model `HSB' substituted by `hsb' on input line 1369.
Package xcolor Info: Model `Gray' substituted by `gray' on input line 1370.
Package xcolor Info: Model `wave' substituted by `hsb' on input line 1371.
)
(/usr/share/texlive/texmf-dist/tex/latex/pgf/frontendlayer/tikz.sty
(/usr/share/texlive/texmf-dist/tex/latex/pgf/basiclayer/pgf.sty
(/usr/share/texlive/texmf-dist/tex/latex/pgf/utilities/pgfrcs.sty
(/usr/share/texlive/texmf-dist/tex/generic/pgf/utilities/pgfutil-common.tex
\pgfutil@everybye=\toks39
\pgfutil@tempdima=\dimen162
\pgfutil@tempdimb=\dimen163

(/usr/share/texlive/texmf-dist/tex/generic/pgf/utilities/pgfutil-common-lists.t
ex)) (/usr/share/texlive/texmf-dist/tex/generic/pgf/utilities/pgfutil-latex.def
\pgfutil@abb=\box32
(/usr/share/texlive/texmf-dist/tex/latex/ms/everyshi.sty
Package: everyshi 2001/05/15 v3.00 EveryShipout Package (MS)
))
(/usr/share/texlive/texmf-dist/tex/generic/pgf/utilities/pgfrcs.code.tex
Package: pgfrcs 2015/08/07 v3.0.1a (rcs-revision 1.31)
))
Package: pgf 2015/08/07 v3.0.1a (rcs-revision 1.15)

(/usr/share/texlive/texmf-dist/tex/latex/pgf/basiclayer/pgfcore.sty
(/usr/share/texlive/texmf-dist/tex/latex/pgf/systemlayer/pgfsys.sty
(/usr/share/texlive/texmf-dist/tex/generic/pgf/systemlayer/pgfsys.code.tex
Package: pgfsys 2014/07/09 v3.0.1a (rcs-revision 1.48)

(/usr/share/texlive/texmf-dist/tex/generic/pgf/utilities/pgfkeys.code.tex
\pgfkeys@pathtoks=\toks40
\pgfkeys@temptoks=\toks41

(/usr/share/texlive/texmf-dist/tex/generic/pgf/utilities/pgfkeysfiltered.code.t
ex
\pgfkeys@tmptoks=\toks42
))
\pgf@x=\dimen164
\pgf@y=\dimen165
\pgf@xa=\dimen166
\pgf@ya=\dimen167
\pgf@xb=\dimen168
\pgf@yb=\dimen169
\pgf@xc=\dimen170
\pgf@yc=\dimen171
\w@pgf@writea=\write6
\r@pgf@reada=\read2
\c@pgf@counta=\count151
\c@pgf@countb=\count152
\c@pgf@countc=\count153
\c@pgf@countd=\count154
\t@pgf@toka=\toks43
\t@pgf@tokb=\toks44
\t@pgf@tokc=\toks45
 (/usr/share/texlive/texmf-dist/tex/generic/pgf/systemlayer/pgf.cfg
File: pgf.cfg 2008/05/14  (rcs-revision 1.7)
)
Driver file for pgf: pgfsys-pdftex.def

(/usr/share/texlive/texmf-dist/tex/generic/pgf/systemlayer/pgfsys-pdftex.def
File: pgfsys-pdftex.def 2014/10/11  (rcs-revision 1.35)

(/usr/share/texlive/texmf-dist/tex/generic/pgf/systemlayer/pgfsys-common-pdf.de
f
File: pgfsys-common-pdf.def 2013/10/10  (rcs-revision 1.13)
)))
(/usr/share/texlive/texmf-dist/tex/generic/pgf/systemlayer/pgfsyssoftpath.code.
tex
File: pgfsyssoftpath.code.tex 2013/09/09  (rcs-revision 1.9)
\pgfsyssoftpath@smallbuffer@items=\count155
\pgfsyssoftpath@bigbuffer@items=\count156
)
(/usr/share/texlive/texmf-dist/tex/generic/pgf/systemlayer/pgfsysprotocol.code.
tex
File: pgfsysprotocol.code.tex 2006/10/16  (rcs-revision 1.4)
))
(/usr/share/texlive/texmf-dist/tex/generic/pgf/basiclayer/pgfcore.code.tex
Package: pgfcore 2010/04/11 v3.0.1a (rcs-revision 1.7)

(/usr/share/texlive/texmf-dist/tex/generic/pgf/math/pgfmath.code.tex
(/usr/share/texlive/texmf-dist/tex/generic/pgf/math/pgfmathcalc.code.tex
(/usr/share/texlive/texmf-dist/tex/generic/pgf/math/pgfmathutil.code.tex)
(/usr/share/texlive/texmf-dist/tex/generic/pgf/math/pgfmathparser.code.tex
\pgfmath@dimen=\dimen172
\pgfmath@count=\count157
\pgfmath@box=\box33
\pgfmath@toks=\toks46
\pgfmath@stack@operand=\toks47
\pgfmath@stack@operation=\toks48
)
(/usr/share/texlive/texmf-dist/tex/generic/pgf/math/pgfmathfunctions.code.tex
(/usr/share/texlive/texmf-dist/tex/generic/pgf/math/pgfmathfunctions.basic.code
.tex)
(/usr/share/texlive/texmf-dist/tex/generic/pgf/math/pgfmathfunctions.trigonomet
ric.code.tex)
(/usr/share/texlive/texmf-dist/tex/generic/pgf/math/pgfmathfunctions.random.cod
e.tex)
(/usr/share/texlive/texmf-dist/tex/generic/pgf/math/pgfmathfunctions.comparison
.code.tex)
(/usr/share/texlive/texmf-dist/tex/generic/pgf/math/pgfmathfunctions.base.code.
tex)
(/usr/share/texlive/texmf-dist/tex/generic/pgf/math/pgfmathfunctions.round.code
.tex)
(/usr/share/texlive/texmf-dist/tex/generic/pgf/math/pgfmathfunctions.misc.code.
tex)
(/usr/share/texlive/texmf-dist/tex/generic/pgf/math/pgfmathfunctions.integerari
thmetics.code.tex)))
(/usr/share/texlive/texmf-dist/tex/generic/pgf/math/pgfmathfloat.code.tex
\c@pgfmathroundto@lastzeros=\count158
))
(/usr/share/texlive/texmf-dist/tex/generic/pgf/basiclayer/pgfcorepoints.code.te
x
File: pgfcorepoints.code.tex 2013/10/07  (rcs-revision 1.27)
\pgf@picminx=\dimen173
\pgf@picmaxx=\dimen174
\pgf@picminy=\dimen175
\pgf@picmaxy=\dimen176
\pgf@pathminx=\dimen177
\pgf@pathmaxx=\dimen178
\pgf@pathminy=\dimen179
\pgf@pathmaxy=\dimen180
\pgf@xx=\dimen181
\pgf@xy=\dimen182
\pgf@yx=\dimen183
\pgf@yy=\dimen184
\pgf@zx=\dimen185
\pgf@zy=\dimen186
)
(/usr/share/texlive/texmf-dist/tex/generic/pgf/basiclayer/pgfcorepathconstruct.
code.tex
File: pgfcorepathconstruct.code.tex 2013/10/07  (rcs-revision 1.29)
\pgf@path@lastx=\dimen187
\pgf@path@lasty=\dimen188
)
(/usr/share/texlive/texmf-dist/tex/generic/pgf/basiclayer/pgfcorepathusage.code
.tex
File: pgfcorepathusage.code.tex 2014/11/02  (rcs-revision 1.24)
\pgf@shorten@end@additional=\dimen189
\pgf@shorten@start@additional=\dimen190
)
(/usr/share/texlive/texmf-dist/tex/generic/pgf/basiclayer/pgfcorescopes.code.te
x
File: pgfcorescopes.code.tex 2015/05/08  (rcs-revision 1.46)
\pgfpic=\box34
\pgf@hbox=\box35
\pgf@layerbox@main=\box36
\pgf@picture@serial@count=\count159
)
(/usr/share/texlive/texmf-dist/tex/generic/pgf/basiclayer/pgfcoregraphicstate.c
ode.tex
File: pgfcoregraphicstate.code.tex 2014/11/02  (rcs-revision 1.12)
\pgflinewidth=\dimen191
)
(/usr/share/texlive/texmf-dist/tex/generic/pgf/basiclayer/pgfcoretransformation
s.code.tex
File: pgfcoretransformations.code.tex 2015/08/07  (rcs-revision 1.20)
\pgf@pt@x=\dimen192
\pgf@pt@y=\dimen193
\pgf@pt@temp=\dimen194
)
(/usr/share/texlive/texmf-dist/tex/generic/pgf/basiclayer/pgfcorequick.code.tex
File: pgfcorequick.code.tex 2008/10/09  (rcs-revision 1.3)
)
(/usr/share/texlive/texmf-dist/tex/generic/pgf/basiclayer/pgfcoreobjects.code.t
ex
File: pgfcoreobjects.code.tex 2006/10/11  (rcs-revision 1.2)
)
(/usr/share/texlive/texmf-dist/tex/generic/pgf/basiclayer/pgfcorepathprocessing
.code.tex
File: pgfcorepathprocessing.code.tex 2013/09/09  (rcs-revision 1.9)
)
(/usr/share/texlive/texmf-dist/tex/generic/pgf/basiclayer/pgfcorearrows.code.te
x
File: pgfcorearrows.code.tex 2015/05/14  (rcs-revision 1.43)
\pgfarrowsep=\dimen195
)
(/usr/share/texlive/texmf-dist/tex/generic/pgf/basiclayer/pgfcoreshade.code.tex
File: pgfcoreshade.code.tex 2013/07/15  (rcs-revision 1.15)
\pgf@max=\dimen196
\pgf@sys@shading@range@num=\count160
)
(/usr/share/texlive/texmf-dist/tex/generic/pgf/basiclayer/pgfcoreimage.code.tex
File: pgfcoreimage.code.tex 2013/07/15  (rcs-revision 1.18)

(/usr/share/texlive/texmf-dist/tex/generic/pgf/basiclayer/pgfcoreexternal.code.
tex
File: pgfcoreexternal.code.tex 2014/07/09  (rcs-revision 1.21)
\pgfexternal@startupbox=\box37
))
(/usr/share/texlive/texmf-dist/tex/generic/pgf/basiclayer/pgfcorelayers.code.te
x
File: pgfcorelayers.code.tex 2013/07/18  (rcs-revision 1.7)
)
(/usr/share/texlive/texmf-dist/tex/generic/pgf/basiclayer/pgfcoretransparency.c
ode.tex
File: pgfcoretransparency.code.tex 2013/09/30  (rcs-revision 1.5)
)
(/usr/share/texlive/texmf-dist/tex/generic/pgf/basiclayer/pgfcorepatterns.code.
tex
File: pgfcorepatterns.code.tex 2013/11/07  (rcs-revision 1.5)
)))
(/usr/share/texlive/texmf-dist/tex/generic/pgf/modules/pgfmoduleshapes.code.tex
File: pgfmoduleshapes.code.tex 2014/03/21  (rcs-revision 1.35)
\pgfnodeparttextbox=\box38
) (/usr/share/texlive/texmf-dist/tex/generic/pgf/modules/pgfmoduleplot.code.tex
File: pgfmoduleplot.code.tex 2015/08/03  (rcs-revision 1.13)
)
(/usr/share/texlive/texmf-dist/tex/latex/pgf/compatibility/pgfcomp-version-0-65
.sty
Package: pgfcomp-version-0-65 2007/07/03 v3.0.1a (rcs-revision 1.7)
\pgf@nodesepstart=\dimen197
\pgf@nodesepend=\dimen198
)
(/usr/share/texlive/texmf-dist/tex/latex/pgf/compatibility/pgfcomp-version-1-18
.sty
Package: pgfcomp-version-1-18 2007/07/23 v3.0.1a (rcs-revision 1.1)
)) (/usr/share/texlive/texmf-dist/tex/latex/pgf/utilities/pgffor.sty
(/usr/share/texlive/texmf-dist/tex/latex/pgf/utilities/pgfkeys.sty
(/usr/share/texlive/texmf-dist/tex/generic/pgf/utilities/pgfkeys.code.tex))
(/usr/share/texlive/texmf-dist/tex/latex/pgf/math/pgfmath.sty
(/usr/share/texlive/texmf-dist/tex/generic/pgf/math/pgfmath.code.tex))
(/usr/share/texlive/texmf-dist/tex/generic/pgf/utilities/pgffor.code.tex
Package: pgffor 2013/12/13 v3.0.1a (rcs-revision 1.25)

(/usr/share/texlive/texmf-dist/tex/generic/pgf/math/pgfmath.code.tex)
\pgffor@iter=\dimen199
\pgffor@skip=\dimen256
\pgffor@stack=\toks49
\pgffor@toks=\toks50
))
(/usr/share/texlive/texmf-dist/tex/generic/pgf/frontendlayer/tikz/tikz.code.tex
Package: tikz 2015/08/07 v3.0.1a (rcs-revision 1.151)

(/usr/share/texlive/texmf-dist/tex/generic/pgf/libraries/pgflibraryplothandlers
.code.tex
File: pgflibraryplothandlers.code.tex 2013/08/31 v3.0.1a (rcs-revision 1.20)
\pgf@plot@mark@count=\count161
\pgfplotmarksize=\dimen257
)
\tikz@lastx=\dimen258
\tikz@lasty=\dimen259
\tikz@lastxsaved=\dimen260
\tikz@lastysaved=\dimen261
\tikzleveldistance=\dimen262
\tikzsiblingdistance=\dimen263
\tikz@figbox=\box39
\tikz@figbox@bg=\box40
\tikz@tempbox=\box41
\tikz@tempbox@bg=\box42
\tikztreelevel=\count162
\tikznumberofchildren=\count163
\tikznumberofcurrentchild=\count164
\tikz@fig@count=\count165

(/usr/share/texlive/texmf-dist/tex/generic/pgf/modules/pgfmodulematrix.code.tex
File: pgfmodulematrix.code.tex 2013/09/17  (rcs-revision 1.8)
\pgfmatrixcurrentrow=\count166
\pgfmatrixcurrentcolumn=\count167
\pgf@matrix@numberofcolumns=\count168
)
\tikz@expandcount=\count169

(/usr/share/texlive/texmf-dist/tex/generic/pgf/frontendlayer/tikz/libraries/tik
zlibrarytopaths.code.tex
File: tikzlibrarytopaths.code.tex 2008/06/17 v3.0.1a (rcs-revision 1.2)
)))
(/usr/share/texlive/texmf-dist/tex/generic/pgf/frontendlayer/tikz/libraries/tik
zlibrarypositioning.code.tex
File: tikzlibrarypositioning.code.tex 2008/10/06 v3.0.1a (rcs-revision 1.7)
)
(/usr/share/texlive/texmf-dist/tex/latex/tools/calc.sty
Package: calc 2014/10/28 v4.3 Infix arithmetic (KKT,FJ)
\calc@Acount=\count170
\calc@Bcount=\count171
\calc@Adimen=\dimen264
\calc@Bdimen=\dimen265
\calc@Askip=\skip69
\calc@Bskip=\skip70
LaTeX Info: Redefining \setlength on input line 80.
LaTeX Info: Redefining \addtolength on input line 81.
\calc@Ccount=\count172
\calc@Cskip=\skip71
)
\c@@todonotes@numberoftodonotes=\count173
)
(/usr/share/texlive/texmf-dist/tex/latex/stackengine/stackengine.sty
Package: stackengine 2017/02/13 v4.01\ Stacking text and objects in convenient 
ways

(/usr/share/texlive/texmf-dist/tex/latex/etoolbox/etoolbox.sty
Package: etoolbox 2018/02/11 v2.5e e-TeX tools for LaTeX (JAW)
\etb@tempcnta=\count174
)
(/usr/share/texlive/texmf-dist/tex/generic/listofitems/listofitems.sty
(/usr/share/texlive/texmf-dist/tex/generic/listofitems/listofitems.tex
\loi_nestcnt=\count175
)
Package: listofitems 2018/01/13 v1.52 Grab items in lists using user-specified 
sep char (CT)
)
\c@@stackindex=\count176
\@boxshift=\skip72
\stack@tmplength=\skip73
\temp@stkl=\skip74
\@stackedboxwidth=\skip75
\@addedbox=\box43
\@anchorbox=\box44
\stackedbox=\box45
\@centerbox=\box46
\c@ROWcellindex@=\count177
)
\c@TODOpointers=\count178
\c@todoindexi=\count179
\c@todoindexii=\count180
\c@todoindexiii=\count181
\c@todoindexiv=\count182
\c@todoindexv=\count183
\c@todoindexvi=\count184
\c@todoindexvii=\count185

(/usr/share/texlive/texmf-dist/tex/latex/colortbl/colortbl.sty
Package: colortbl 2012/02/13 v1.0a Color table columns (DPC)
\everycr=\toks51
\minrowclearance=\skip76
)
(./NCellEffi.aux)
\openout1 = `NCellEffi.aux'.

LaTeX Font Info:    Checking defaults for OML/cmm/m/it on input line 204.
LaTeX Font Info:    ... okay on input line 204.
LaTeX Font Info:    Checking defaults for T1/cmr/m/n on input line 204.
LaTeX Font Info:    ... okay on input line 204.
LaTeX Font Info:    Checking defaults for OT1/cmr/m/n on input line 204.
LaTeX Font Info:    ... okay on input line 204.
LaTeX Font Info:    Checking defaults for OMS/cmsy/m/n on input line 204.
LaTeX Font Info:    ... okay on input line 204.
LaTeX Font Info:    Checking defaults for OMX/cmex/m/n on input line 204.
LaTeX Font Info:    ... okay on input line 204.
LaTeX Font Info:    Checking defaults for U/cmr/m/n on input line 204.
LaTeX Font Info:    ... okay on input line 204.
LaTeX Font Info:    Checking defaults for PD1/pdf/m/n on input line 204.
LaTeX Font Info:    ... okay on input line 204.
LaTeX Font Info:    Checking defaults for TS1/cmr/m/n on input line 204.
LaTeX Font Info:    Try loading font information for TS1+cmr on input line 204.

 (/usr/share/texlive/texmf-dist/tex/latex/base/ts1cmr.fd
File: ts1cmr.fd 2014/09/29 v2.5h Standard LaTeX font definitions
)
LaTeX Font Info:    ... okay on input line 204.
LaTeX Font Info:    Try loading font information for OT1+ptm on input line 204.


(/usr/share/texlive/texmf-dist/tex/latex/psnfss/ot1ptm.fd
File: ot1ptm.fd 2001/06/04 font definitions for OT1/ptm.
)
(/usr/share/texlive/texmf-dist/tex/context/base/mkii/supp-pdf.mkii
[Loading MPS to PDF converter (version 2006.09.02).]
\scratchcounter=\count186
\scratchdimen=\dimen266
\scratchbox=\box47
\nofMPsegments=\count187
\nofMParguments=\count188
\everyMPshowfont=\toks52
\MPscratchCnt=\count189
\MPscratchDim=\dimen267
\MPnumerator=\count190
\makeMPintoPDFobject=\count191
\everyMPtoPDFconversion=\toks53
) (/usr/share/texlive/texmf-dist/tex/latex/oberdiek/epstopdf-base.sty
Package: epstopdf-base 2016/05/15 v2.6 Base part for package epstopdf

(/usr/share/texlive/texmf-dist/tex/latex/oberdiek/grfext.sty
Package: grfext 2016/05/16 v1.2 Manage graphics extensions (HO)
)
Package epstopdf-base Info: Redefining graphics rule for `.eps' on input line 4
38.
Package grfext Info: Graphics extension search list:
(grfext)             [.pdf,.png,.jpg,.mps,.jpeg,.jbig2,.jb2,.PDF,.PNG,.JPG,.JPE
G,.JBIG2,.JB2,.eps]
(grfext)             \AppendGraphicsExtensions on input line 456.

(/usr/share/texlive/texmf-dist/tex/latex/latexconfig/epstopdf-sys.cfg
File: epstopdf-sys.cfg 2010/07/13 v1.3 Configuration of (r)epstopdf for TeX Liv
e
))
(/usr/share/texlive/texmf-dist/tex/latex/ucs/ucsencs.def
File: ucsencs.def 2011/01/21 Fixes to fontencodings LGR, T3
)
\AtBeginShipoutBox=\box48
Package hyperref Info: Link coloring ON on input line 204.

(/usr/share/texlive/texmf-dist/tex/latex/hyperref/nameref.sty
Package: nameref 2016/05/21 v2.44 Cross-referencing by name of section

(/usr/share/texlive/texmf-dist/tex/generic/oberdiek/gettitlestring.sty
Package: gettitlestring 2016/05/16 v1.5 Cleanup title references (HO)
)
\c@section@level=\count192
)
LaTeX Info: Redefining \ref on input line 204.
LaTeX Info: Redefining \pageref on input line 204.
LaTeX Info: Redefining \nameref on input line 204.

(./NCellEffi.out) (./NCellEffi.out)
\@outlinefile=\write7
\openout7 = `NCellEffi.out'.


*geometry* driver: auto-detecting
*geometry* detected driver: pdftex
*geometry* verbose mode - [ preamble ] result:
* driver: pdftex
* paper: a4paper
* layout: <same size as paper>
* layoutoffset:(h,v)=(0.0pt,0.0pt)
* modes: twoside 
* h-part:(L,W,R)=(79.66771pt, 466.62521pt, 51.21495pt)
* v-part:(T,H,B)=(71.13188pt, 717.00946pt, 56.9055pt)
* \paperwidth=597.50787pt
* \paperheight=845.04684pt
* \textwidth=466.62521pt
* \textheight=717.00946pt
* \oddsidemargin=7.39772pt
* \evensidemargin=-21.05504pt
* \topmargin=-43.19086pt
* \headheight=13.6pt
* \headsep=28.45274pt
* \topskip=11.0pt
* \footskip=34.1433pt
* \marginparwidth=103.0pt
* \marginparsep=10.0pt
* \columnsep=10.0pt
* \skip\footins=10.0pt plus 4.0pt minus 2.0pt
* \hoffset=0.0pt
* \voffset=0.0pt
* \mag=1000
* \@twocolumnfalse
* \@twosidetrue
* \@mparswitchtrue
* \@reversemarginfalse
* (1in=72.27pt=25.4mm, 1cm=28.453pt)

\c@lstlisting=\count193
ABD: EveryShipout initializing macros
<alicelogo.pdf, id=35, 116.1138pt x 142.61281pt>
File: alicelogo.pdf Graphic file (type pdf)
<use alicelogo.pdf>
Package pdftex.def Info: alicelogo.pdf  used on input line 207.
(pdftex.def)             Requested size: 46.3313pt x 56.9055pt.
<cernlogo.pdf, id=36, 426.59375pt x 427.5975pt>
File: cernlogo.pdf Graphic file (type pdf)
<use cernlogo.pdf>
Package pdftex.def Info: cernlogo.pdf  used on input line 207.
(pdftex.def)             Requested size: 56.76749pt x 56.9055pt.
LaTeX Font Info:    Font shape `OT1/ptm/bx/n' in size <14.4> not available
(Font)              Font shape `OT1/ptm/b/n' tried instead on input line 207.
LaTeX Font Info:    Try loading font information for OT1+ztmcm on input line 20
7.

(/usr/share/texlive/texmf-dist/tex/latex/psnfss/ot1ztmcm.fd
File: ot1ztmcm.fd 2000/01/03 Fontinst v1.801 font definitions for OT1/ztmcm.
)
LaTeX Font Info:    Try loading font information for OML+ztmcm on input line 20
7.

(/usr/share/texlive/texmf-dist/tex/latex/psnfss/omlztmcm.fd
File: omlztmcm.fd 2000/01/03 Fontinst v1.801 font definitions for OML/ztmcm.
)
LaTeX Font Info:    Try loading font information for OMS+ztmcm on input line 20
7.

(/usr/share/texlive/texmf-dist/tex/latex/psnfss/omsztmcm.fd
File: omsztmcm.fd 2000/01/03 Fontinst v1.801 font definitions for OMS/ztmcm.
)
LaTeX Font Info:    Try loading font information for OMX+ztmcm on input line 20
7.

(/usr/share/texlive/texmf-dist/tex/latex/psnfss/omxztmcm.fd
File: omxztmcm.fd 2000/01/03 Fontinst v1.801 font definitions for OMX/ztmcm.
)
LaTeX Font Info:    Font shape `OT1/ptm/bx/n' in size <10.95> not available
(Font)              Font shape `OT1/ptm/b/n' tried instead on input line 207.
LaTeX Font Info:    Font shape `OT1/ptm/bx/n' in size <8> not available
(Font)              Font shape `OT1/ptm/b/n' tried instead on input line 207.
</home/joshua/PCG_Software/EMCal_NCellEffi/13TeVNomB_Wide/Pi0Tagging_13TeV_nom_
04_26_WithTRD_WithBorderCells_1cellFT/pdf/Effi_AllClusAndTB.pdf, id=37, 569.126
25pt x 462.72874pt>
File: /home/joshua/PCG_Software/EMCal_NCellEffi/13TeVNomB_Wide/Pi0Tagging_13TeV
_nom_04_26_WithTRD_WithBorderCells_1cellFT/pdf/Effi_AllClusAndTB.pdf Graphic fi
le (type pdf)
<use /home/joshua/PCG_Software/EMCal_NCellEffi/13TeVNomB_Wide/Pi0Tagging_13TeV_
nom_04_26_WithTRD_WithBorderCells_1cellFT/pdf/Effi_AllClusAndTB.pdf>
Package pdftex.def Info: /home/joshua/PCG_Software/EMCal_NCellEffi/13TeVNomB_Wi
de/Pi0Tagging_13TeV_nom_04_26_WithTRD_WithBorderCells_1cellFT/pdf/Effi_AllClusA
ndTB.pdf  used on input line 235.
(pdftex.def)             Requested size: 223.9781pt x 182.10861pt.
</home/joshua/PCG_Software/EMCal_NCellEffi/13TeVNomB_Wide/Pi0Tagging_13TeV_nom_
04_26_WithTRD_WithBorderCells_1cellFT/pdf/Ratio_TBAndAll.pdf, id=38, 569.12625p
t x 462.72874pt>
File: /home/joshua/PCG_Software/EMCal_NCellEffi/13TeVNomB_Wide/Pi0Tagging_13TeV
_nom_04_26_WithTRD_WithBorderCells_1cellFT/pdf/Ratio_TBAndAll.pdf Graphic file 
(type pdf)
<use /home/joshua/PCG_Software/EMCal_NCellEffi/13TeVNomB_Wide/Pi0Tagging_13TeV_
nom_04_26_WithTRD_WithBorderCells_1cellFT/pdf/Ratio_TBAndAll.pdf>
Package pdftex.def Info: /home/joshua/PCG_Software/EMCal_NCellEffi/13TeVNomB_Wi
de/Pi0Tagging_13TeV_nom_04_26_WithTRD_WithBorderCells_1cellFT/pdf/Ratio_TBAndAl
l.pdf  used on input line 236.
(pdftex.def)             Requested size: 223.9781pt x 182.10861pt.
LaTeX Font Info:    Font shape `OT1/ptm/bx/n' in size <10> not available
(Font)              Font shape `OT1/ptm/b/n' tried instead on input line 237.
LaTeX Font Info:    Font shape `OT1/ptm/bx/n' in size <7.4> not available
(Font)              Font shape `OT1/ptm/b/n' tried instead on input line 237.
LaTeX Font Info:    Font shape `OT1/ptm/bx/n' in size <6> not available
(Font)              Font shape `OT1/ptm/b/n' tried instead on input line 237.

Underfull \hbox (badness 10000) in paragraph at lines 241--246

 []

[1{/var/lib/texmf/fonts/map/pdftex/updmap/pdftex.map}

 <./alicelogo.pdf> <./cernlogo.pdf> </home/joshua/PCG_Software/EMCal_NCellEffi/
13TeVNomB_Wide/Pi0Tagging_13TeV_nom_04_26_WithTRD_WithBorderCells_1cellFT/pdf/E
ffi_AllClusAndTB.pdf, page is rotated 90 degrees> </home/joshua/PCG_Software/EM
Cal_NCellEffi/13TeVNomB_Wide/Pi0Tagging_13TeV_nom_04_26_WithTRD_WithBorderCells
_1cellFT/pdf/Ratio_TBAndAll.pdf, page is rotated 90 degrees>]
</home/joshua/PCG_Software/EMCConvStudies/figures/cummulated_EMC.png, id=155, 1
200.485pt x 975.645pt>
File: /home/joshua/PCG_Software/EMCConvStudies/figures/cummulated_EMC.png Graph
ic file (type png)
<use /home/joshua/PCG_Software/EMCConvStudies/figures/cummulated_EMC.png>
Package pdftex.def Info: /home/joshua/PCG_Software/EMCConvStudies/figures/cummu
lated_EMC.png  used on input line 249.
(pdftex.def)             Requested size: 223.9781pt x 182.02487pt.
</home/joshua/PCG_Software/EMCal_NCellEffi/13TeVNomB_Wide/Pi0Tagging_13TeV_nom_
04_26_WithTRD_WithBorderCells_1cellFT/pdf/Effi_TrueContributions.pdf, id=156, 5
69.12625pt x 462.72874pt>
File: /home/joshua/PCG_Software/EMCal_NCellEffi/13TeVNomB_Wide/Pi0Tagging_13TeV
_nom_04_26_WithTRD_WithBorderCells_1cellFT/pdf/Effi_TrueContributions.pdf Graph
ic file (type pdf)
<use /home/joshua/PCG_Software/EMCal_NCellEffi/13TeVNomB_Wide/Pi0Tagging_13TeV_
nom_04_26_WithTRD_WithBorderCells_1cellFT/pdf/Effi_TrueContributions.pdf>
Package pdftex.def Info: /home/joshua/PCG_Software/EMCal_NCellEffi/13TeVNomB_Wi
de/Pi0Tagging_13TeV_nom_04_26_WithTRD_WithBorderCells_1cellFT/pdf/Effi_TrueCont
ributions.pdf  used on input line 257.
(pdftex.def)             Requested size: 223.9781pt x 182.10861pt.
</home/joshua/PCG_Software/EMCal_NCellEffi/13TeVNomB_Wide/Pi0Tagging_13TeV_nom_
04_26_WithTRD_WithBorderCells_1cellFT/pdf/Effi_TrueContributions_Fraction.pdf, 
id=157, 569.12625pt x 462.72874pt>
File: /home/joshua/PCG_Software/EMCal_NCellEffi/13TeVNomB_Wide/Pi0Tagging_13TeV
_nom_04_26_WithTRD_WithBorderCells_1cellFT/pdf/Effi_TrueContributions_Fraction.
pdf Graphic file (type pdf)
<use /home/joshua/PCG_Software/EMCal_NCellEffi/13TeVNomB_Wide/Pi0Tagging_13TeV_
nom_04_26_WithTRD_WithBorderCells_1cellFT/pdf/Effi_TrueContributions_Fraction.p
df>
Package pdftex.def Info: /home/joshua/PCG_Software/EMCal_NCellEffi/13TeVNomB_Wi
de/Pi0Tagging_13TeV_nom_04_26_WithTRD_WithBorderCells_1cellFT/pdf/Effi_TrueCont
ributions_Fraction.pdf  used on input line 258.
(pdftex.def)             Requested size: 223.9781pt x 182.10861pt.
 [2 </home/joshua/PCG_Software/EMCConvStudies/figures/cummulated_EMC.png>]
</home/joshua/PCG_Software/AnalysisSoftware_Clones/NCellEffi/figures/NCellMC.pd
f, id=170, 569.12625pt x 462.72874pt>
File: /home/joshua/PCG_Software/AnalysisSoftware_Clones/NCellEffi/figures/NCell
MC.pdf Graphic file (type pdf)
<use /home/joshua/PCG_Software/AnalysisSoftware_Clones/NCellEffi/figures/NCellM
C.pdf>
Package pdftex.def Info: /home/joshua/PCG_Software/AnalysisSoftware_Clones/NCel
lEffi/figures/NCellMC.pdf  used on input line 307.
(pdftex.def)             Requested size: 223.9781pt x 182.10861pt.
</home/joshua/PCG_Software/AnalysisSoftware_Clones/EDC_dirGammas/Plots/NCellVar
/figures/NCells_Cluster_2020_12_22.pdf, id=174, 569.12625pt x 462.72874pt>
File: /home/joshua/PCG_Software/AnalysisSoftware_Clones/EDC_dirGammas/Plots/NCe
llVar/figures/NCells_Cluster_2020_12_22.pdf Graphic file (type pdf)
<use /home/joshua/PCG_Software/AnalysisSoftware_Clones/EDC_dirGammas/Plots/NCel
lVar/figures/NCells_Cluster_2020_12_22.pdf>
Package pdftex.def Info: /home/joshua/PCG_Software/AnalysisSoftware_Clones/EDC_
dirGammas/Plots/NCellVar/figures/NCells_Cluster_2020_12_22.pdf  used on input l
ine 324.
(pdftex.def)             Requested size: 223.9781pt x 182.10861pt.
</home/joshua/PCG_Software/AnalysisSoftware_Clones/EDC_dirGammas/Plots/NCellVar
/figures/NCells_Gamma_2020_12_22.pdf, id=175, 569.12625pt x 462.72874pt>
File: /home/joshua/PCG_Software/AnalysisSoftware_Clones/EDC_dirGammas/Plots/NCe
llVar/figures/NCells_Gamma_2020_12_22.pdf Graphic file (type pdf)
<use /home/joshua/PCG_Software/AnalysisSoftware_Clones/EDC_dirGammas/Plots/NCel
lVar/figures/NCells_Gamma_2020_12_22.pdf>
Package pdftex.def Info: /home/joshua/PCG_Software/AnalysisSoftware_Clones/EDC_
dirGammas/Plots/NCellVar/figures/NCells_Gamma_2020_12_22.pdf  used on input lin
e 325.
(pdftex.def)             Requested size: 223.9781pt x 182.10861pt.
</home/joshua/PCG_Software/AnalysisSoftware_Clones/EDC_dirGammas/Plots/NCellVar
/figures/NCells_Pi0_2020_12_22.pdf, id=177, 569.12625pt x 462.72874pt>
File: /home/joshua/PCG_Software/AnalysisSoftware_Clones/EDC_dirGammas/Plots/NCe
llVar/figures/NCells_Pi0_2020_12_22.pdf Graphic file (type pdf)
<use /home/joshua/PCG_Software/AnalysisSoftware_Clones/EDC_dirGammas/Plots/NCel
lVar/figures/NCells_Pi0_2020_12_22.pdf>
Package pdftex.def Info: /home/joshua/PCG_Software/AnalysisSoftware_Clones/EDC_
dirGammas/Plots/NCellVar/figures/NCells_Pi0_2020_12_22.pdf  used on input line 
332.
(pdftex.def)             Requested size: 223.9781pt x 182.10861pt.
</home/joshua/PCG_Software/AnalysisSoftware_Clones/EDC_dirGammas/Plots/NCellVar
/figures/NCells_Gamma_NEWCALC.pdf, id=180, 569.12625pt x 462.72874pt>
File: /home/joshua/PCG_Software/AnalysisSoftware_Clones/EDC_dirGammas/Plots/NCe
llVar/figures/NCells_Gamma_NEWCALC.pdf Graphic file (type pdf)
<use /home/joshua/PCG_Software/AnalysisSoftware_Clones/EDC_dirGammas/Plots/NCel
lVar/figures/NCells_Gamma_NEWCALC.pdf>
Package pdftex.def Info: /home/joshua/PCG_Software/AnalysisSoftware_Clones/EDC_
dirGammas/Plots/NCellVar/figures/NCells_Gamma_NEWCALC.pdf  used on input line 3
39.
(pdftex.def)             Requested size: 223.9781pt x 182.10861pt.
</home/joshua/PCG_Software/AnalysisSoftware_Clones/EDC_dirGammas/Plots/NCellVar
/figures/NCells_Pi0_NEWCALC.pdf, id=181, 569.12625pt x 462.72874pt>
File: /home/joshua/PCG_Software/AnalysisSoftware_Clones/EDC_dirGammas/Plots/NCe
llVar/figures/NCells_Pi0_NEWCALC.pdf Graphic file (type pdf)
<use /home/joshua/PCG_Software/AnalysisSoftware_Clones/EDC_dirGammas/Plots/NCel
lVar/figures/NCells_Pi0_NEWCALC.pdf>
Package pdftex.def Info: /home/joshua/PCG_Software/AnalysisSoftware_Clones/EDC_
dirGammas/Plots/NCellVar/figures/NCells_Pi0_NEWCALC.pdf  used on input line 340
.
(pdftex.def)             Requested size: 223.9781pt x 182.10861pt.

Underfull \hbox (badness 10000) in paragraph at lines 329--345

 []

[3 </home/joshua/PCG_Software/EMCal_NCellEffi/13TeVNomB_Wide/Pi0Tagging_13TeV_n
om_04_26_WithTRD_WithBorderCells_1cellFT/pdf/Effi_TrueContributions.pdf, page i
s rotated 90 degrees> </home/joshua/PCG_Software/EMCal_NCellEffi/13TeVNomB_Wide
/Pi0Tagging_13TeV_nom_04_26_WithTRD_WithBorderCells_1cellFT/pdf/Effi_TrueContri
butions_Fraction.pdf, page is rotated 90 degrees>] [4 </home/joshua/PCG_Softwar
e/AnalysisSoftware_Clones/NCellEffi/figures/NCellMC.pdf, page is rotated 90 deg
rees> </home/joshua/PCG_Software/AnalysisSoftware_Clones/EDC_dirGammas/Plots/NC
ellVar/figures/NCells_Cluster_2020_12_22.pdf, page is rotated 90 degrees> </hom
e/joshua/PCG_Software/AnalysisSoftware_Clones/EDC_dirGammas/Plots/NCellVar/figu
res/NCells_Gamma_2020_12_22.pdf, page is rotated 90 degrees>] [5 </home/joshua/
PCG_Software/AnalysisSoftware_Clones/EDC_dirGammas/Plots/NCellVar/figures/NCell
s_Pi0_2020_12_22.pdf, page is rotated 90 degrees> </home/joshua/PCG_Software/An
alysisSoftware_Clones/EDC_dirGammas/Plots/NCellVar/figures/NCells_Gamma_NEWCALC
.pdf, page is rotated 90 degrees> </home/joshua/PCG_Software/AnalysisSoftware_C
lones/EDC_dirGammas/Plots/NCellVar/figures/NCells_Pi0_NEWCALC.pdf, page is rota
ted 90 degrees>]
</home/joshua/PCG_Software/Swapping_Method/code/Exotics_Effect_1_2.pdf, id=552,
 569.12625pt x 462.72874pt>
File: /home/joshua/PCG_Software/Swapping_Method/code/Exotics_Effect_1_2.pdf Gra
phic file (type pdf)
<use /home/joshua/PCG_Software/Swapping_Method/code/Exotics_Effect_1_2.pdf>
Package pdftex.def Info: /home/joshua/PCG_Software/Swapping_Method/code/Exotics
_Effect_1_2.pdf  used on input line 356.
(pdftex.def)             Requested size: 223.9781pt x 182.10861pt.
</home/joshua/PCG_Software/Swapping_Method/code/Exotics_Effect_2_4.pdf, id=553,
 569.12625pt x 462.72874pt>
File: /home/joshua/PCG_Software/Swapping_Method/code/Exotics_Effect_2_4.pdf Gra
phic file (type pdf)
<use /home/joshua/PCG_Software/Swapping_Method/code/Exotics_Effect_2_4.pdf>
Package pdftex.def Info: /home/joshua/PCG_Software/Swapping_Method/code/Exotics
_Effect_2_4.pdf  used on input line 357.
(pdftex.def)             Requested size: 223.9781pt x 182.10861pt.
</home/joshua/PCG_Software/Swapping_Method/code/Exotics_Effect_5_10.pdf, id=554
, 569.12625pt x 462.72874pt>
File: /home/joshua/PCG_Software/Swapping_Method/code/Exotics_Effect_5_10.pdf Gr
aphic file (type pdf)
<use /home/joshua/PCG_Software/Swapping_Method/code/Exotics_Effect_5_10.pdf>
Package pdftex.def Info: /home/joshua/PCG_Software/Swapping_Method/code/Exotics
_Effect_5_10.pdf  used on input line 358.
(pdftex.def)             Requested size: 223.9781pt x 182.10861pt.

Underfull \hbox (badness 10000) in paragraph at lines 363--365

 []

</home/joshua/PCG_Software/AnalysisSoftware_Clones/Non_Linearity/1cell/PCMEDC_0
1/CorrectCaloNonLinearity/PCM-EMC/MeanMassRatio_LHC18.png, id=556, 1351.0475pt 
x 875.27pt>
File: /home/joshua/PCG_Software/AnalysisSoftware_Clones/Non_Linearity/1cell/PCM
EDC_01/CorrectCaloNonLinearity/PCM-EMC/MeanMassRatio_LHC18.png Graphic file (ty
pe png)
<use /home/joshua/PCG_Software/AnalysisSoftware_Clones/Non_Linearity/1cell/PCME
DC_01/CorrectCaloNonLinearity/PCM-EMC/MeanMassRatio_LHC18.png>
Package pdftex.def Info: /home/joshua/PCG_Software/AnalysisSoftware_Clones/Non_
Linearity/1cell/PCMEDC_01/CorrectCaloNonLinearity/PCM-EMC/MeanMassRatio_LHC18.p
ng  used on input line 370.
(pdftex.def)             Requested size: 223.9781pt x 145.09445pt.
</home/joshua/PCG_Software/AnalysisSoftware_Clones/Non_Linearity/2cell/PCMEDC_0
1/CorrectCaloNonLinearity/PCM-EMC/MeanMassRatio_LHC18.png, id=557, 1351.0475pt 
x 875.27pt>
File: /home/joshua/PCG_Software/AnalysisSoftware_Clones/Non_Linearity/2cell/PCM
EDC_01/CorrectCaloNonLinearity/PCM-EMC/MeanMassRatio_LHC18.png Graphic file (ty
pe png)
<use /home/joshua/PCG_Software/AnalysisSoftware_Clones/Non_Linearity/2cell/PCME
DC_01/CorrectCaloNonLinearity/PCM-EMC/MeanMassRatio_LHC18.png>
Package pdftex.def Info: /home/joshua/PCG_Software/AnalysisSoftware_Clones/Non_
Linearity/2cell/PCMEDC_01/CorrectCaloNonLinearity/PCM-EMC/MeanMassRatio_LHC18.p
ng  used on input line 371.
(pdftex.def)             Requested size: 223.9781pt x 145.09445pt.

LaTeX Warning: `!h' float specifier changed to `!ht'.

</home/joshua/PCG_Software/AnalysisSoftware_Clones/Non_Linearity/1cell/PCMEDC_0
1_withcorr/CorrectCaloNonLinearity/PCM-EMC/MeanMassRatio_LHC18.png, id=558, 135
1.0475pt x 875.27pt>
File: /home/joshua/PCG_Software/AnalysisSoftware_Clones/Non_Linearity/1cell/PCM
EDC_01_withcorr/CorrectCaloNonLinearity/PCM-EMC/MeanMassRatio_LHC18.png Graphic
 file (type png)
<use /home/joshua/PCG_Software/AnalysisSoftware_Clones/Non_Linearity/1cell/PCME
DC_01_withcorr/CorrectCaloNonLinearity/PCM-EMC/MeanMassRatio_LHC18.png>
Package pdftex.def Info: /home/joshua/PCG_Software/AnalysisSoftware_Clones/Non_
Linearity/1cell/PCMEDC_01_withcorr/CorrectCaloNonLinearity/PCM-EMC/MeanMassRati
o_LHC18.png  used on input line 379.
(pdftex.def)             Requested size: 223.9781pt x 145.09445pt.
</home/joshua/PCG_Software/AnalysisSoftware_Clones/Non_Linearity/2cell/PCMEDC_0
1_withcorr/CorrectCaloNonLinearity/PCM-EMC/MeanMassRatio_LHC18.png, id=559, 135
1.0475pt x 875.27pt>
File: /home/joshua/PCG_Software/AnalysisSoftware_Clones/Non_Linearity/2cell/PCM
EDC_01_withcorr/CorrectCaloNonLinearity/PCM-EMC/MeanMassRatio_LHC18.png Graphic
 file (type png)
<use /home/joshua/PCG_Software/AnalysisSoftware_Clones/Non_Linearity/2cell/PCME
DC_01_withcorr/CorrectCaloNonLinearity/PCM-EMC/MeanMassRatio_LHC18.png>
Package pdftex.def Info: /home/joshua/PCG_Software/AnalysisSoftware_Clones/Non_
Linearity/2cell/PCMEDC_01_withcorr/CorrectCaloNonLinearity/PCM-EMC/MeanMassRati
o_LHC18.png  used on input line 380.
(pdftex.def)             Requested size: 223.9781pt x 145.09445pt.

LaTeX Warning: `!h' float specifier changed to `!ht'.


Underfull \hbox (badness 10000) in paragraph at lines 388--389

 []

[6 </home/joshua/PCG_Software/Swapping_Method/code/Exotics_Effect_1_2.pdf, page
 is rotated 90 degrees> </home/joshua/PCG_Software/Swapping_Method/code/Exotics
_Effect_2_4.pdf, page is rotated 90 degrees> </home/joshua/PCG_Software/Swappin
g_Method/code/Exotics_Effect_5_10.pdf, page is rotated 90 degrees>]
</home/joshua/PCG_Software/AnalysisSoftware_Clones/Non_Linearity/EDC/TBNL_1cell
FT_04_20/CorrectCaloNonLinearity/EMC/MeanMass_Pi0_LHC16,17,18.pdf, id=699, 569.
12625pt x 368.37625pt>
File: /home/joshua/PCG_Software/AnalysisSoftware_Clones/Non_Linearity/EDC/TBNL_
1cellFT_04_20/CorrectCaloNonLinearity/EMC/MeanMass_Pi0_LHC16,17,18.pdf Graphic 
file (type pdf)
<use /home/joshua/PCG_Software/AnalysisSoftware_Clones/Non_Linearity/EDC/TBNL_1
cellFT_04_20/CorrectCaloNonLinearity/EMC/MeanMass_Pi0_LHC16,17,18.pdf>
Package pdftex.def Info: /home/joshua/PCG_Software/AnalysisSoftware_Clones/Non_
Linearity/EDC/TBNL_1cellFT_04_20/CorrectCaloNonLinearity/EMC/MeanMass_Pi0_LHC16
,17,18.pdf  used on input line 392.
(pdftex.def)             Requested size: 223.9781pt x 144.97583pt.
</home/joshua/PCG_Software/AnalysisSoftware_Clones/Non_Linearity/EDC/TBNL_1cell
FT_04_20/CorrectCaloNonLinearity/EMC/MeanMassRatio_LHC16,17,18.pdf, id=700, 569
.12625pt x 368.37625pt>
File: /home/joshua/PCG_Software/AnalysisSoftware_Clones/Non_Linearity/EDC/TBNL_
1cellFT_04_20/CorrectCaloNonLinearity/EMC/MeanMassRatio_LHC16,17,18.pdf Graphic
 file (type pdf)
<use /home/joshua/PCG_Software/AnalysisSoftware_Clones/Non_Linearity/EDC/TBNL_1
cellFT_04_20/CorrectCaloNonLinearity/EMC/MeanMassRatio_LHC16,17,18.pdf>
Package pdftex.def Info: /home/joshua/PCG_Software/AnalysisSoftware_Clones/Non_
Linearity/EDC/TBNL_1cellFT_04_20/CorrectCaloNonLinearity/EMC/MeanMassRatio_LHC1
6,17,18.pdf  used on input line 393.
(pdftex.def)             Requested size: 223.9781pt x 144.97583pt.
</home/joshua/PCG_Software/AnalysisSoftware_Clones/NCellEffi/Effi.pdf, id=703, 
569.12625pt x 462.72874pt>
File: /home/joshua/PCG_Software/AnalysisSoftware_Clones/NCellEffi/Effi.pdf Grap
hic file (type pdf)
<use /home/joshua/PCG_Software/AnalysisSoftware_Clones/NCellEffi/Effi.pdf>
Package pdftex.def Info: /home/joshua/PCG_Software/AnalysisSoftware_Clones/NCel
lEffi/Effi.pdf  used on input line 406.
(pdftex.def)             Requested size: 223.9781pt x 182.10861pt.
</home/joshua/PCG_Software/AnalysisSoftware_Clones/NCellEffi/TBEffi_diffNL.pdf,
 id=704, 569.12625pt x 462.72874pt>
File: /home/joshua/PCG_Software/AnalysisSoftware_Clones/NCellEffi/TBEffi_diffNL
.pdf Graphic file (type pdf)
<use /home/joshua/PCG_Software/AnalysisSoftware_Clones/NCellEffi/TBEffi_diffNL.
pdf>
Package pdftex.def Info: /home/joshua/PCG_Software/AnalysisSoftware_Clones/NCel
lEffi/TBEffi_diffNL.pdf  used on input line 407.
(pdftex.def)             Requested size: 223.9781pt x 182.10861pt.
 [7 </home/joshua/PCG_Software/AnalysisSoftware_Clones/Non_Linearity/1cell/PCME
DC_01/CorrectCaloNonLinearity/PCM-EMC/MeanMassRatio_LHC18.png> </home/joshua/PC
G_Software/AnalysisSoftware_Clones/Non_Linearity/2cell/PCMEDC_01/CorrectCaloNon
Linearity/PCM-EMC/MeanMassRatio_LHC18.png> </home/joshua/PCG_Software/AnalysisS
oftware_Clones/Non_Linearity/1cell/PCMEDC_01_withcorr/CorrectCaloNonLinearity/P
CM-EMC/MeanMassRatio_LHC18.png> </home/joshua/PCG_Software/AnalysisSoftware_Clo
nes/Non_Linearity/2cell/PCMEDC_01_withcorr/CorrectCaloNonLinearity/PCM-EMC/Mean
MassRatio_LHC18.png> </home/joshua/PCG_Software/AnalysisSoftware_Clones/Non_Lin
earity/EDC/TBNL_1cellFT_04_20/CorrectCaloNonLinearity/EMC/MeanMass_Pi0_LHC16,17
,18.pdf, page is rotated 90 degrees> </home/joshua/PCG_Software/AnalysisSoftwar
e_Clones/Non_Linearity/EDC/TBNL_1cellFT_04_20/CorrectCaloNonLinearity/EMC/MeanM
assRatio_LHC16,17,18.pdf, page is rotated 90 degrees>]
Underfull \hbox (badness 10000) in paragraph at lines 413--414

 []

</home/joshua/Pictures/1Cell_Cluster_LowPt.png, id=803, 567.11874pt x 276.03125
pt>
File: /home/joshua/Pictures/1Cell_Cluster_LowPt.png Graphic file (type png)
<use /home/joshua/Pictures/1Cell_Cluster_LowPt.png>
Package pdftex.def Info: /home/joshua/Pictures/1Cell_Cluster_LowPt.png  used on
 input line 422.
(pdftex.def)             Requested size: 223.9781pt x 109.0164pt.
</home/joshua/Pictures/1cellCluster_HighPt.png, id=805, 604.2575pt x 307.1475pt
>
File: /home/joshua/Pictures/1cellCluster_HighPt.png Graphic file (type png)
<use /home/joshua/Pictures/1cellCluster_HighPt.png>
Package pdftex.def Info: /home/joshua/Pictures/1cellCluster_HighPt.png  used on
 input line 423.
(pdftex.def)             Requested size: 223.9781pt x 113.849pt.

LaTeX Warning: `!h' float specifier changed to `!ht'.

</home/joshua/PCG_Software/AnalysisSoftware_Clones/NCellEffi/Ratio.pdf, id=806,
 569.12625pt x 462.72874pt>
File: /home/joshua/PCG_Software/AnalysisSoftware_Clones/NCellEffi/Ratio.pdf Gra
phic file (type pdf)
<use /home/joshua/PCG_Software/AnalysisSoftware_Clones/NCellEffi/Ratio.pdf>
Package pdftex.def Info: /home/joshua/PCG_Software/AnalysisSoftware_Clones/NCel
lEffi/Ratio.pdf  used on input line 433.
(pdftex.def)             Requested size: 223.9781pt x 182.10861pt.
</home/joshua/PCG_Software/AnalysisSoftware_Clones/NCellEffi/RatioZoomed.pdf, i
d=807, 569.12625pt x 462.72874pt>
File: /home/joshua/PCG_Software/AnalysisSoftware_Clones/NCellEffi/RatioZoomed.p
df Graphic file (type pdf)
<use /home/joshua/PCG_Software/AnalysisSoftware_Clones/NCellEffi/RatioZoomed.pd
f>
Package pdftex.def Info: /home/joshua/PCG_Software/AnalysisSoftware_Clones/NCel
lEffi/RatioZoomed.pdf  used on input line 434.
(pdftex.def)             Requested size: 223.9781pt x 182.10861pt.

LaTeX Warning: `!h' float specifier changed to `!ht'.

</home/joshua/PCG_Software/AnalysisSoftware_Clones/EDC_dirGammas/Plots/NCellVar
/figures/NCells_Pi0_Comp_2020_12_22.pdf, id=808, 569.12625pt x 462.72874pt>
File: /home/joshua/PCG_Software/AnalysisSoftware_Clones/EDC_dirGammas/Plots/NCe
llVar/figures/NCells_Pi0_Comp_2020_12_22.pdf Graphic file (type pdf)
<use /home/joshua/PCG_Software/AnalysisSoftware_Clones/EDC_dirGammas/Plots/NCel
lVar/figures/NCells_Pi0_Comp_2020_12_22.pdf>
Package pdftex.def Info: /home/joshua/PCG_Software/AnalysisSoftware_Clones/EDC_
dirGammas/Plots/NCellVar/figures/NCells_Pi0_Comp_2020_12_22.pdf  used on input 
line 442.
(pdftex.def)             Requested size: 223.9781pt x 182.10861pt.

LaTeX Warning: `!h' float specifier changed to `!ht'.

[8 </home/joshua/PCG_Software/AnalysisSoftware_Clones/NCellEffi/Effi.pdf, page 
is rotated 90 degrees> </home/joshua/PCG_Software/AnalysisSoftware_Clones/NCell
Effi/TBEffi_diffNL.pdf, page is rotated 90 degrees>]
</home/joshua/PCG_Software/AnalysisSoftware_Clones/EDC_dirGammas/Plots/NCellVar
/figures/NCells_Pi0_2021_01_11.pdf, id=907, 569.12625pt x 462.72874pt>
File: /home/joshua/PCG_Software/AnalysisSoftware_Clones/EDC_dirGammas/Plots/NCe
llVar/figures/NCells_Pi0_2021_01_11.pdf Graphic file (type pdf)
<use /home/joshua/PCG_Software/AnalysisSoftware_Clones/EDC_dirGammas/Plots/NCel
lVar/figures/NCells_Pi0_2021_01_11.pdf>
Package pdftex.def Info: /home/joshua/PCG_Software/AnalysisSoftware_Clones/EDC_
dirGammas/Plots/NCellVar/figures/NCells_Pi0_2021_01_11.pdf  used on input line 
455.
(pdftex.def)             Requested size: 209.97992pt x 170.72682pt.
</home/joshua/PCG_Software/AnalysisSoftware_Clones/EDC_dirGammas/Plots/NCellVar
/figures/NCells_Pi0_3x3_2021_01_11.pdf, id=908, 569.12625pt x 462.72874pt>
File: /home/joshua/PCG_Software/AnalysisSoftware_Clones/EDC_dirGammas/Plots/NCe
llVar/figures/NCells_Pi0_3x3_2021_01_11.pdf Graphic file (type pdf)
<use /home/joshua/PCG_Software/AnalysisSoftware_Clones/EDC_dirGammas/Plots/NCel
lVar/figures/NCells_Pi0_3x3_2021_01_11.pdf>
Package pdftex.def Info: /home/joshua/PCG_Software/AnalysisSoftware_Clones/EDC_
dirGammas/Plots/NCellVar/figures/NCells_Pi0_3x3_2021_01_11.pdf  used on input l
ine 456.
(pdftex.def)             Requested size: 209.97992pt x 170.72682pt.


LaTeX Warning: `!h' float specifier changed to `!ht'.

[9 </home/joshua/Pictures/1Cell_Cluster_LowPt.png> </home/joshua/Pictures/1cell
Cluster_HighPt.png> </home/joshua/PCG_Software/AnalysisSoftware_Clones/NCellEff
i/Ratio.pdf, page is rotated 90 degrees> </home/joshua/PCG_Software/AnalysisSof
tware_Clones/NCellEffi/RatioZoomed.pdf, page is rotated 90 degrees> </home/josh
ua/PCG_Software/AnalysisSoftware_Clones/EDC_dirGammas/Plots/NCellVar/figures/NC
ells_Pi0_Comp_2020_12_22.pdf, page is rotated 90 degrees>]
</home/joshua/PCG_Software/AnalysisSoftware_Clones/NCellEffi/Electrons_Effi.pdf
, id=1046, 569.12625pt x 462.72874pt>
File: /home/joshua/PCG_Software/AnalysisSoftware_Clones/NCellEffi/Electrons_Eff
i.pdf Graphic file (type pdf)
<use /home/joshua/PCG_Software/AnalysisSoftware_Clones/NCellEffi/Electrons_Effi
.pdf>
Package pdftex.def Info: /home/joshua/PCG_Software/AnalysisSoftware_Clones/NCel
lEffi/Electrons_Effi.pdf  used on input line 474.
(pdftex.def)             Requested size: 209.97992pt x 170.72682pt.
</home/joshua/PCG_Software/AnalysisSoftware_Clones/NCellEffi/Electrons_Effi_low
B.pdf, id=1047, 569.12625pt x 462.72874pt>
File: /home/joshua/PCG_Software/AnalysisSoftware_Clones/NCellEffi/Electrons_Eff
i_lowB.pdf Graphic file (type pdf)
<use /home/joshua/PCG_Software/AnalysisSoftware_Clones/NCellEffi/Electrons_Effi
_lowB.pdf>
Package pdftex.def Info: /home/joshua/PCG_Software/AnalysisSoftware_Clones/NCel
lEffi/Electrons_Effi_lowB.pdf  used on input line 475.
(pdftex.def)             Requested size: 209.97992pt x 170.72682pt.
</home/joshua/PCG_Software/AnalysisSoftware_Clones/NCellEffi/Electrons_Ratio.pd
f, id=1049, 569.12625pt x 462.72874pt>
File: /home/joshua/PCG_Software/AnalysisSoftware_Clones/NCellEffi/Electrons_Rat
io.pdf Graphic file (type pdf)
<use /home/joshua/PCG_Software/AnalysisSoftware_Clones/NCellEffi/Electrons_Rati
o.pdf>
Package pdftex.def Info: /home/joshua/PCG_Software/AnalysisSoftware_Clones/NCel
lEffi/Electrons_Ratio.pdf  used on input line 488.
(pdftex.def)             Requested size: 209.97992pt x 170.72682pt.
</home/joshua/PCG_Software/AnalysisSoftware_Clones/NCellEffi/Electrons_Ratio_lo
wB.pdf, id=1050, 569.12625pt x 462.72874pt>
File: /home/joshua/PCG_Software/AnalysisSoftware_Clones/NCellEffi/Electrons_Rat
io_lowB.pdf Graphic file (type pdf)
<use /home/joshua/PCG_Software/AnalysisSoftware_Clones/NCellEffi/Electrons_Rati
o_lowB.pdf>
Package pdftex.def Info: /home/joshua/PCG_Software/AnalysisSoftware_Clones/NCel
lEffi/Electrons_Ratio_lowB.pdf  used on input line 489.
(pdftex.def)             Requested size: 209.97992pt x 170.72682pt.


LaTeX Warning: `!h' float specifier changed to `!ht'.

</home/joshua/PCG_Software/AnalysisSoftware_Clones/NCellEffi/Electrons_Corr.pdf
, id=1052, 569.12625pt x 462.72874pt>
File: /home/joshua/PCG_Software/AnalysisSoftware_Clones/NCellEffi/Electrons_Cor
r.pdf Graphic file (type pdf)
<use /home/joshua/PCG_Software/AnalysisSoftware_Clones/NCellEffi/Electrons_Corr
.pdf>
Package pdftex.def Info: /home/joshua/PCG_Software/AnalysisSoftware_Clones/NCel
lEffi/Electrons_Corr.pdf  used on input line 499.
(pdftex.def)             Requested size: 209.97992pt x 170.72682pt.
</home/joshua/PCG_Software/AnalysisSoftware_Clones/NCellEffi/Electrons_Corr_low
B.pdf, id=1053, 569.12625pt x 462.72874pt>
File: /home/joshua/PCG_Software/AnalysisSoftware_Clones/NCellEffi/Electrons_Cor
r_lowB.pdf Graphic file (type pdf)
<use /home/joshua/PCG_Software/AnalysisSoftware_Clones/NCellEffi/Electrons_Corr
_lowB.pdf>
Package pdftex.def Info: /home/joshua/PCG_Software/AnalysisSoftware_Clones/NCel
lEffi/Electrons_Corr_lowB.pdf  used on input line 500.
(pdftex.def)             Requested size: 209.97992pt x 170.72682pt.
[10 </home/joshua/PCG_Software/AnalysisSoftware_Clones/EDC_dirGammas/Plots/NCel
lVar/figures/NCells_Pi0_2021_01_11.pdf, page is rotated 90 degrees> </home/josh
ua/PCG_Software/AnalysisSoftware_Clones/EDC_dirGammas/Plots/NCellVar/figures/NC
ells_Pi0_3x3_2021_01_11.pdf, page is rotated 90 degrees> </home/joshua/PCG_Soft
ware/AnalysisSoftware_Clones/NCellEffi/Electrons_Effi.pdf, page is rotated 90 d
egrees> </home/joshua/PCG_Software/AnalysisSoftware_Clones/NCellEffi/Electrons_
Effi_lowB.pdf, page is rotated 90 degrees>] [11 </home/joshua/PCG_Software/Anal
ysisSoftware_Clones/NCellEffi/Electrons_Ratio.pdf, page is rotated 90 degrees> 
</home/joshua/PCG_Software/AnalysisSoftware_Clones/NCellEffi/Electrons_Ratio_lo
wB.pdf, page is rotated 90 degrees> </home/joshua/PCG_Software/AnalysisSoftware
_Clones/NCellEffi/Electrons_Corr.pdf, page is rotated 90 degrees> </home/joshua
/PCG_Software/AnalysisSoftware_Clones/NCellEffi/Electrons_Corr_lowB.pdf, page i
s rotated 90 degrees>]
LaTeX Font Info:    Font shape `OT1/ptm/bx/n' in size <12> not available
(Font)              Font shape `OT1/ptm/b/n' tried instead on input line 511.
LaTeX Font Info:    Font shape `OT1/ptm/bx/n' in size <9> not available
(Font)              Font shape `OT1/ptm/b/n' tried instead on input line 511.
LaTeX Font Info:    Font shape `OT1/ptm/bx/n' in size <7> not available
(Font)              Font shape `OT1/ptm/b/n' tried instead on input line 511.


Package hyperref Warning: Token not allowed in a PDF string (PDFDocEncoding):
(hyperref)                removing `math shift' on input line 511.


Package hyperref Warning: Token not allowed in a PDF string (PDFDocEncoding):
(hyperref)                removing `\pi' on input line 511.


Package hyperref Warning: Token not allowed in a PDF string (PDFDocEncoding):
(hyperref)                removing `superscript' on input line 511.


Package hyperref Warning: Token not allowed in a PDF string (PDFDocEncoding):
(hyperref)                removing `math shift' on input line 511.


Package hyperref Warning: Token not allowed in a PDF string (PDFDocEncoding):
(hyperref)                removing `math shift' on input line 511.


Package hyperref Warning: Token not allowed in a PDF string (PDFDocEncoding):
(hyperref)                removing `\gamma' on input line 511.


Package hyperref Warning: Token not allowed in a PDF string (PDFDocEncoding):
(hyperref)                removing `math shift' on input line 511.

</home/joshua/PCG_Software/EMCal_NCellEffi/13TeVNomB_Wide/Pi0Tagging_13TeV_nom_
04_26_WithTRD_WithBorderCells_1cellFT/pdf/ExampleBins/ExampleBin_wData_2.pdf, i
d=1413, 569.12625pt x 462.72874pt>
File: /home/joshua/PCG_Software/EMCal_NCellEffi/13TeVNomB_Wide/Pi0Tagging_13TeV
_nom_04_26_WithTRD_WithBorderCells_1cellFT/pdf/ExampleBins/ExampleBin_wData_2.p
df Graphic file (type pdf)
<use /home/joshua/PCG_Software/EMCal_NCellEffi/13TeVNomB_Wide/Pi0Tagging_13TeV_
nom_04_26_WithTRD_WithBorderCells_1cellFT/pdf/ExampleBins/ExampleBin_wData_2.pd
f>
Package pdftex.def Info: /home/joshua/PCG_Software/EMCal_NCellEffi/13TeVNomB_Wi
de/Pi0Tagging_13TeV_nom_04_26_WithTRD_WithBorderCells_1cellFT/pdf/ExampleBins/E
xampleBin_wData_2.pdf  used on input line 517.
(pdftex.def)             Requested size: 209.97992pt x 170.72682pt.
</home/joshua/PCG_Software/EMCal_NCellEffi/13TeVNomB_Wide/Pi0Tagging_13TeV_nom_
04_26_WithTRD_WithBorderCells_1cellFT/pdf/Effi_Wide.pdf, id=1416, 569.12625pt x
 462.72874pt>
File: /home/joshua/PCG_Software/EMCal_NCellEffi/13TeVNomB_Wide/Pi0Tagging_13TeV
_nom_04_26_WithTRD_WithBorderCells_1cellFT/pdf/Effi_Wide.pdf Graphic file (type
 pdf)
<use /home/joshua/PCG_Software/EMCal_NCellEffi/13TeVNomB_Wide/Pi0Tagging_13TeV_
nom_04_26_WithTRD_WithBorderCells_1cellFT/pdf/Effi_Wide.pdf>
Package pdftex.def Info: /home/joshua/PCG_Software/EMCal_NCellEffi/13TeVNomB_Wi
de/Pi0Tagging_13TeV_nom_04_26_WithTRD_WithBorderCells_1cellFT/pdf/Effi_Wide.pdf
  used on input line 543.
(pdftex.def)             Requested size: 209.97992pt x 170.72682pt.
[12 </home/joshua/PCG_Software/EMCal_NCellEffi/13TeVNomB_Wide/Pi0Tagging_13TeV_
nom_04_26_WithTRD_WithBorderCells_1cellFT/pdf/ExampleBins/ExampleBin_wData_2.pd
f, page is rotated 90 degrees> </home/joshua/PCG_Software/EMCal_NCellEffi/13TeV
NomB_Wide/Pi0Tagging_13TeV_nom_04_26_WithTRD_WithBorderCells_1cellFT/pdf/Effi_W
ide.pdf, page is rotated 90 degrees>]
Underfull \hbox (badness 10000) in paragraph at lines 562--567

 []


Underfull \hbox (badness 10000) in paragraph at lines 568--570

 []

</home/joshua/PCG_Software/EMCal_NCellEffi/13TeVNomB_Wide/Pi0Tagging_13TeV_nom_
04_26_WithTRD_WithBorderCells_1cellFT/pdf/Effi_RW_SB.pdf, id=1511, 569.12625pt 
x 462.72874pt>
File: /home/joshua/PCG_Software/EMCal_NCellEffi/13TeVNomB_Wide/Pi0Tagging_13TeV
_nom_04_26_WithTRD_WithBorderCells_1cellFT/pdf/Effi_RW_SB.pdf Graphic file (typ
e pdf)
<use /home/joshua/PCG_Software/EMCal_NCellEffi/13TeVNomB_Wide/Pi0Tagging_13TeV_
nom_04_26_WithTRD_WithBorderCells_1cellFT/pdf/Effi_RW_SB.pdf>
Package pdftex.def Info: /home/joshua/PCG_Software/EMCal_NCellEffi/13TeVNomB_Wi
de/Pi0Tagging_13TeV_nom_04_26_WithTRD_WithBorderCells_1cellFT/pdf/Effi_RW_SB.pd
f  used on input line 578.
(pdftex.def)             Requested size: 209.97992pt x 170.72682pt.
</home/joshua/PCG_Software/EMCal_NCellEffi/13TeVNomB_Wide/Pi0Tagging_13TeV_nom_
04_26_WithTRD_WithBorderCells_1cellFT/pdf/MC_Closure.pdf, id=1512, 569.12625pt 
x 462.72874pt>
File: /home/joshua/PCG_Software/EMCal_NCellEffi/13TeVNomB_Wide/Pi0Tagging_13TeV
_nom_04_26_WithTRD_WithBorderCells_1cellFT/pdf/MC_Closure.pdf Graphic file (typ
e pdf)
<use /home/joshua/PCG_Software/EMCal_NCellEffi/13TeVNomB_Wide/Pi0Tagging_13TeV_
nom_04_26_WithTRD_WithBorderCells_1cellFT/pdf/MC_Closure.pdf>
Package pdftex.def Info: /home/joshua/PCG_Software/EMCal_NCellEffi/13TeVNomB_Wi
de/Pi0Tagging_13TeV_nom_04_26_WithTRD_WithBorderCells_1cellFT/pdf/MC_Closure.pd
f  used on input line 587.
(pdftex.def)             Requested size: 209.97992pt x 170.72682pt.
</home/joshua/PCG_Software/EMCal_NCellEffi/13TeVNomB_Wide/Pi0Tagging_13TeV_nom_
04_26_WithTRD_WithBorderCells_1cellFT/pdf/Data_Closure.pdf, id=1513, 569.12625p
t x 462.72874pt>
File: /home/joshua/PCG_Software/EMCal_NCellEffi/13TeVNomB_Wide/Pi0Tagging_13TeV
_nom_04_26_WithTRD_WithBorderCells_1cellFT/pdf/Data_Closure.pdf Graphic file (t
ype pdf)
<use /home/joshua/PCG_Software/EMCal_NCellEffi/13TeVNomB_Wide/Pi0Tagging_13TeV_
nom_04_26_WithTRD_WithBorderCells_1cellFT/pdf/Data_Closure.pdf>
Package pdftex.def Info: /home/joshua/PCG_Software/EMCal_NCellEffi/13TeVNomB_Wi
de/Pi0Tagging_13TeV_nom_04_26_WithTRD_WithBorderCells_1cellFT/pdf/Data_Closure.
pdf  used on input line 588.
(pdftex.def)             Requested size: 209.97992pt x 170.72682pt.

LaTeX Warning: `!h' float specifier changed to `!ht'.

[13 </home/joshua/PCG_Software/EMCal_NCellEffi/13TeVNomB_Wide/Pi0Tagging_13TeV_
nom_04_26_WithTRD_WithBorderCells_1cellFT/pdf/Effi_RW_SB.pdf, page is rotated 9
0 degrees>]
</home/joshua/PCG_Software/EMCal_NCellEffi/13TeVNomB_Wide/Pi0Tagging_13TeV_nom_
04_26_WithTRD_WithBorderCells_1cellFT/pdf/Ratio.pdf, id=1567, 569.12625pt x 462
.72874pt>
File: /home/joshua/PCG_Software/EMCal_NCellEffi/13TeVNomB_Wide/Pi0Tagging_13TeV
_nom_04_26_WithTRD_WithBorderCells_1cellFT/pdf/Ratio.pdf Graphic file (type pdf
)
<use /home/joshua/PCG_Software/EMCal_NCellEffi/13TeVNomB_Wide/Pi0Tagging_13TeV_
nom_04_26_WithTRD_WithBorderCells_1cellFT/pdf/Ratio.pdf>
Package pdftex.def Info: /home/joshua/PCG_Software/EMCal_NCellEffi/13TeVNomB_Wi
de/Pi0Tagging_13TeV_nom_04_26_WithTRD_WithBorderCells_1cellFT/pdf/Ratio.pdf  us
ed on input line 602.
(pdftex.def)             Requested size: 209.97992pt x 170.72682pt.
</home/joshua/PCG_Software/EMCal_NCellEffi/13TeVNomB_Wide/Pi0Tagging_13TeV_nom_
04_26_WithTRD_WithBorderCells_1cellFT/pdf/Corr.pdf, id=1568, 569.12625pt x 462.
72874pt>
File: /home/joshua/PCG_Software/EMCal_NCellEffi/13TeVNomB_Wide/Pi0Tagging_13TeV
_nom_04_26_WithTRD_WithBorderCells_1cellFT/pdf/Corr.pdf Graphic file (type pdf)

<use /home/joshua/PCG_Software/EMCal_NCellEffi/13TeVNomB_Wide/Pi0Tagging_13TeV_
nom_04_26_WithTRD_WithBorderCells_1cellFT/pdf/Corr.pdf>
Package pdftex.def Info: /home/joshua/PCG_Software/EMCal_NCellEffi/13TeVNomB_Wi
de/Pi0Tagging_13TeV_nom_04_26_WithTRD_WithBorderCells_1cellFT/pdf/Corr.pdf  use
d on input line 603.
(pdftex.def)             Requested size: 209.97992pt x 170.72682pt.
</home/joshua/PCG_Software/EMCal_NCellEffi/PlotsCalibTrain/Effi_EMC.pdf, id=157
1, 569.12625pt x 462.72874pt>
File: /home/joshua/PCG_Software/EMCal_NCellEffi/PlotsCalibTrain/Effi_EMC.pdf Gr
aphic file (type pdf)
<use /home/joshua/PCG_Software/EMCal_NCellEffi/PlotsCalibTrain/Effi_EMC.pdf>
Package pdftex.def Info: /home/joshua/PCG_Software/EMCal_NCellEffi/PlotsCalibTr
ain/Effi_EMC.pdf  used on input line 620.
(pdftex.def)             Requested size: 209.97992pt x 170.72682pt.
</home/joshua/PCG_Software/EMCal_NCellEffi/PlotsCalibTrain/Ratio_EMC.pdf, id=15
72, 569.12625pt x 462.72874pt>
File: /home/joshua/PCG_Software/EMCal_NCellEffi/PlotsCalibTrain/Ratio_EMC.pdf G
raphic file (type pdf)
<use /home/joshua/PCG_Software/EMCal_NCellEffi/PlotsCalibTrain/Ratio_EMC.pdf>
Package pdftex.def Info: /home/joshua/PCG_Software/EMCal_NCellEffi/PlotsCalibTr
ain/Ratio_EMC.pdf  used on input line 621.
(pdftex.def)             Requested size: 209.97992pt x 170.72682pt.
</home/joshua/PCG_Software/EMCal_NCellEffi/PlotsCalibTrain/Corr_EMC.pdf, id=157
3, 569.12625pt x 462.72874pt>
File: /home/joshua/PCG_Software/EMCal_NCellEffi/PlotsCalibTrain/Corr_EMC.pdf Gr
aphic file (type pdf)
<use /home/joshua/PCG_Software/EMCal_NCellEffi/PlotsCalibTrain/Corr_EMC.pdf>
Package pdftex.def Info: /home/joshua/PCG_Software/EMCal_NCellEffi/PlotsCalibTr
ain/Corr_EMC.pdf  used on input line 622.
(pdftex.def)             Requested size: 209.97992pt x 170.72682pt.


LaTeX Warning: `!h' float specifier changed to `!ht'.

</home/joshua/PCG_Software/EMCal_NCellEffi/PlotsCalibTrain/Effi_PCMEMC.pdf, id=
1574, 569.12625pt x 462.72874pt>
File: /home/joshua/PCG_Software/EMCal_NCellEffi/PlotsCalibTrain/Effi_PCMEMC.pdf
 Graphic file (type pdf)
<use /home/joshua/PCG_Software/EMCal_NCellEffi/PlotsCalibTrain/Effi_PCMEMC.pdf>

Package pdftex.def Info: /home/joshua/PCG_Software/EMCal_NCellEffi/PlotsCalibTr
ain/Effi_PCMEMC.pdf  used on input line 631.
(pdftex.def)             Requested size: 209.97992pt x 170.72682pt.
</home/joshua/PCG_Software/EMCal_NCellEffi/PlotsCalibTrain/Ratio_PCMEMC.pdf, id
=1575, 569.12625pt x 462.72874pt>
File: /home/joshua/PCG_Software/EMCal_NCellEffi/PlotsCalibTrain/Ratio_PCMEMC.pd
f Graphic file (type pdf)
<use /home/joshua/PCG_Software/EMCal_NCellEffi/PlotsCalibTrain/Ratio_PCMEMC.pdf
>
Package pdftex.def Info: /home/joshua/PCG_Software/EMCal_NCellEffi/PlotsCalibTr
ain/Ratio_PCMEMC.pdf  used on input line 632.
(pdftex.def)             Requested size: 209.97992pt x 170.72682pt.
</home/joshua/PCG_Software/EMCal_NCellEffi/PlotsCalibTrain/Corr_PCMEMC.pdf, id=
1576, 569.12625pt x 462.72874pt>
File: /home/joshua/PCG_Software/EMCal_NCellEffi/PlotsCalibTrain/Corr_PCMEMC.pdf
 Graphic file (type pdf)
<use /home/joshua/PCG_Software/EMCal_NCellEffi/PlotsCalibTrain/Corr_PCMEMC.pdf>

Package pdftex.def Info: /home/joshua/PCG_Software/EMCal_NCellEffi/PlotsCalibTr
ain/Corr_PCMEMC.pdf  used on input line 633.
(pdftex.def)             Requested size: 209.97992pt x 170.72682pt.

LaTeX Warning: `!h' float specifier changed to `!ht'.


Package hyperref Warning: Token not allowed in a PDF string (PDFDocEncoding):
(hyperref)                removing `math shift' on input line 640.


Package hyperref Warning: Token not allowed in a PDF string (PDFDocEncoding):
(hyperref)                removing `\@ifnextchar' on input line 640.


Package hyperref Warning: Token not allowed in a PDF string (PDFDocEncoding):
(hyperref)                removing `math shift' on input line 640.

[14 </home/joshua/PCG_Software/EMCal_NCellEffi/13TeVNomB_Wide/Pi0Tagging_13TeV_
nom_04_26_WithTRD_WithBorderCells_1cellFT/pdf/MC_Closure.pdf, page is rotated 9
0 degrees> </home/joshua/PCG_Software/EMCal_NCellEffi/13TeVNomB_Wide/Pi0Tagging
_13TeV_nom_04_26_WithTRD_WithBorderCells_1cellFT/pdf/Data_Closure.pdf, page is 
rotated 90 degrees> </home/joshua/PCG_Software/EMCal_NCellEffi/13TeVNomB_Wide/P
i0Tagging_13TeV_nom_04_26_WithTRD_WithBorderCells_1cellFT/pdf/Ratio.pdf, page i
s rotated 90 degrees> </home/joshua/PCG_Software/EMCal_NCellEffi/13TeVNomB_Wide
/Pi0Tagging_13TeV_nom_04_26_WithTRD_WithBorderCells_1cellFT/pdf/Corr.pdf, page 
is rotated 90 degrees>]

Package hyperref Warning: Token not allowed in a PDF string (PDFDocEncoding):
(hyperref)                removing `math shift' on input line 650.


Package hyperref Warning: Token not allowed in a PDF string (PDFDocEncoding):
(hyperref)                removing `\pi' on input line 650.


Package hyperref Warning: Token not allowed in a PDF string (PDFDocEncoding):
(hyperref)                removing `superscript' on input line 650.


Package hyperref Warning: Token not allowed in a PDF string (PDFDocEncoding):
(hyperref)                removing `math shift' on input line 650.

</home/joshua/PCG_Software/EMCal_NCellEffi/Plots_PCMEDC_corr/Correction.pdf, id
=1762, 569.12625pt x 462.72874pt>
File: /home/joshua/PCG_Software/EMCal_NCellEffi/Plots_PCMEDC_corr/Correction.pd
f Graphic file (type pdf)
<use /home/joshua/PCG_Software/EMCal_NCellEffi/Plots_PCMEDC_corr/Correction.pdf
>
Package pdftex.def Info: /home/joshua/PCG_Software/EMCal_NCellEffi/Plots_PCMEDC
_corr/Correction.pdf  used on input line 653.
(pdftex.def)             Requested size: 209.97992pt x 170.72682pt.
</home/joshua/PCG_Software/EMCal_NCellEffi/Plots_PCMEDC_corr/Rho.pdf, id=1763, 
569.12625pt x 462.72874pt>
File: /home/joshua/PCG_Software/EMCal_NCellEffi/Plots_PCMEDC_corr/Rho.pdf Graph
ic file (type pdf)
<use /home/joshua/PCG_Software/EMCal_NCellEffi/Plots_PCMEDC_corr/Rho.pdf>
Package pdftex.def Info: /home/joshua/PCG_Software/EMCal_NCellEffi/Plots_PCMEDC
_corr/Rho.pdf  used on input line 654.
(pdftex.def)             Requested size: 209.97992pt x 170.72682pt.

LaTeX Warning: `!h' float specifier changed to `!ht'.

[15 </home/joshua/PCG_Software/EMCal_NCellEffi/PlotsCalibTrain/Effi_EMC.pdf, pa
ge is rotated 90 degrees> </home/joshua/PCG_Software/EMCal_NCellEffi/PlotsCalib
Train/Ratio_EMC.pdf, page is rotated 90 degrees> </home/joshua/PCG_Software/EMC
al_NCellEffi/PlotsCalibTrain/Corr_EMC.pdf, page is rotated 90 degrees>]
[16 </home/joshua/PCG_Software/EMCal_NCellEffi/PlotsCalibTrain/Effi_PCMEMC.pdf,
 page is rotated 90 degrees> </home/joshua/PCG_Software/EMCal_NCellEffi/PlotsCa
libTrain/Ratio_PCMEMC.pdf, page is rotated 90 degrees> </home/joshua/PCG_Softwa
re/EMCal_NCellEffi/PlotsCalibTrain/Corr_PCMEMC.pdf, page is rotated 90 degrees>
 </home/joshua/PCG_Software/EMCal_NCellEffi/Plots_PCMEDC_corr/Correction.pdf, p
age is rotated 90 degrees> </home/joshua/PCG_Software/EMCal_NCellEffi/Plots_PCM
EDC_corr/Rho.pdf, page is rotated 90 degrees>] [17

]
Package atveryend Info: Empty hook `BeforeClearDocument' on input line 692.
Package atveryend Info: Empty hook `AfterLastShipout' on input line 692.
 (./NCellEffi.aux)
Package atveryend Info: Executing hook `AtVeryEndDocument' on input line 692.
Package atveryend Info: Executing hook `AtEndAfterFileList' on input line 692.
Package rerunfilecheck Info: File `NCellEffi.out' has not changed.
(rerunfilecheck)             Checksum: 199772EA9CC3E37E8BE29C14BFD9150A;517.
Package atveryend Info: Empty hook `AtVeryVeryEnd' on input line 692.
 ) 
Here is how much of TeX's memory you used:
 22399 strings out of 492982
 411650 string characters out of 6134896
 493739 words of memory out of 5000000
 25310 multiletter control sequences out of 15000+600000
 70683 words of font info for 162 fonts, out of 8000000 for 9000
 1141 hyphenation exceptions out of 8191
 62i,17n,56p,2369b,522s stack positions out of 5000i,500n,10000p,200000b,80000s
{/usr/share/texlive/texmf-dist/fonts/enc/dvips/base/8r.enc}</usr/share/texliv
e/texmf-dist/fonts/type1/public/amsfonts/cm/cmex10.pfb></usr/share/texlive/texm
f-dist/fonts/type1/public/amsfonts/cm/cmmi10.pfb></usr/share/texlive/texmf-dist
/fonts/type1/public/amsfonts/cm/cmr10.pfb></usr/share/texlive/texmf-dist/fonts/
type1/public/amsfonts/cm/cmss8.pfb></usr/share/texlive/texmf-dist/fonts/type1/p
ublic/amsfonts/cm/cmsy10.pfb></usr/share/texlive/texmf-dist/fonts/type1/urw/sym
bol/usyr.pfb></usr/share/texlive/texmf-dist/fonts/type1/urw/symbol/usyr.pfb></u
sr/share/texlive/texmf-dist/fonts/type1/urw/times/utmb8a.pfb></usr/share/texliv
e/texmf-dist/fonts/type1/urw/times/utmr8a.pfb></usr/share/texlive/texmf-dist/fo
nts/type1/urw/times/utmri8a.pfb>
Output written on NCellEffi.pdf (17 pages, 1125644 bytes).
PDF statistics:
 2184 PDF objects out of 2487 (max. 8388607)
 1011 compressed objects within 11 object streams
 69 named destinations out of 1000 (max. 500000)
 329 words of extra memory for PDF output out of 10000 (max. 10000000)

